?@¤22:54:47.892 [Test worker] WARN  o.s.c.s.ClassPathXmlApplicationContext - Exception encountered during context initialization - cancelling refresh attempt: org.springframework.beans.factory.BeanDefinitionStoreException: Invalid bean definition with name 'foo' defined in class path resource [org/springframework/context/config/contextNamespaceHandlerTests-location-placeholder.xml]: Could not resolve placeholder 'foo' in value "${foo}"; nested exception is java.lang.IllegalArgumentException: Could not resolve placeholder 'foo' in value "${foo}"
‡Žòorg.springframework.beans.factory.support.DefaultListableBeanFactory@3799df3f: defining beans [org.springframework.context.annotation.internalConfigurationAnnotationProcessor,org.springframework.context.annotation.internalAutowiredAnnotationProcessor,org.springframework.context.annotation.internalCommonAnnotationProcessor,org.springframework.context.event.internalEventListenerProcessor,org.springframework.context.event.internalEventListenerFactory,config-b,config-a]; root of factory hierarchy
ñò²22:54:57.539 [Test worker] WARN  o.s.c.a.AnnotationConfigApplicationContext - Exception encountered during context initialization - cancelling refresh attempt: org.springframework.beans.factory.BeanCreationException: Error creating bean with name 'spr12278Tests.TwoSpecificConstructorsComponent': Instantiation of bean failed; nested exception is org.springframework.beans.BeanInstantiationException: Failed to instantiate [org.springframework.context.annotation.Spr12278Tests$TwoSpecificConstructorsComponent]: No default constructor found; nested exception is java.lang.NoSuchMethodException: org.springframework.context.annotation.Spr12278Tests$TwoSpecificConstructorsComponent.<init>()
¦²š22:54:58.346 [Test worker] WARN  o.s.c.a.AnnotationConfigApplicationContext - Exception encountered during context initialization - cancelling refresh attempt: org.springframework.beans.factory.BeanDefinitionStoreException: Failed to parse configuration class [org.springframework.context.annotation.PropertySourceAnnotationTests$ConfigWithMissingPropertySource]; nested exception is java.io.FileNotFoundException: class path resource [org/springframework/context/annotation/missing.properties] cannot be opened because it does not exist
¦´Þ22:54:58.356 [Test worker] WARN  o.s.c.a.AnnotationConfigApplicationContext - Exception encountered during context initialization - cancelling refresh attempt: org.springframework.beans.factory.BeanDefinitionStoreException: Failed to parse configuration class [org.springframework.context.annotation.PropertySourceAnnotationTests$ConfigWithEmptyResourceLocations]; nested exception is java.lang.IllegalArgumentException: At least one @PropertySource(value) location is required
¦º†22:54:58.381 [Test worker] WARN  o.s.c.a.AnnotationConfigApplicationContext - Exception encountered during context initialization - cancelling refresh attempt: org.springframework.beans.factory.BeanDefinitionStoreException: Failed to parse configuration class [org.springframework.context.annotation.PropertySourceAnnotationTests$ConfigWithUnresolvablePlaceholder]; nested exception is java.lang.IllegalArgumentException: Could not resolve placeholder 'unresolvable' in value "classpath:${unresolvable}/p1.properties"
Þñ÷	22:54:58.750 [Test worker] WARN  o.s.c.a.AnnotationConfigApplicationContext - Exception encountered during context initialization - cancelling refresh attempt: org.springframework.beans.factory.UnsatisfiedDependencyException: Error creating bean with name 'configurationClassPostProcessorTests.A': Unsatisfied dependency expressed through field 'z'; nested exception is org.springframework.beans.factory.UnsatisfiedDependencyException: Error creating bean with name 'configurationClassPostProcessorTests.AStrich': Unsatisfied dependency expressed through field 'b'; nested exception is org.springframework.beans.factory.BeanCreationException: Error creating bean with name 'b' defined in org.springframework.context.annotation.ConfigurationClassPostProcessorTests$A: Bean instantiation via factory method failed; nested exception is org.springframework.beans.BeanInstantiationException: Failed to instantiate [org.springframework.context.annotation.ConfigurationClassPostProcessorTests$B]: Circular reference involving containing bean 'configurationClassPostProcessorTests.A' - consider declaring the factory method as static for independence from its containing instance. Factory method 'b' threw exception; nested exception is java.lang.NullPointerException: z is null
ÞÙ22:54:58.884 [Test worker] WARN  o.s.c.a.AnnotationConfigApplicationContext - Exception encountered during context initialization - cancelling refresh attempt: org.springframework.beans.factory.BeanDefinitionStoreException: Invalid bean definition with name 'myTestBean' defined in org.springframework.context.annotation.MyTestBean: Bean name derived from @Bean method 'myTestBean' clashes with bean name for containing configuration class; please make those names unique!
óòSimpleAsyncTaskExecutor-1
™ƒ22:55:00.998 [Test worker] WARN  o.s.c.s.GenericApplicationContext - Exception encountered during context initialization - cancelling refresh attempt: org.springframework.beans.factory.UnsatisfiedDependencyException: Error creating bean with name 'componentScanParserBeanDefinitionDefaultsTests.DefaultsTestBean' defined in file [/Users/pamella/IdeaProjects/spring-framework-5.1.x/spring-context/build/classes/java/test/org/springframework/context/annotation/ComponentScanParserBeanDefinitionDefaultsTests$DefaultsTestBean.class]: Unsatisfied dependency expressed through bean property 'propertyDependency1'; nested exception is org.springframework.beans.factory.NoUniqueBeanDefinitionException: No qualifying bean of type 'org.springframework.context.annotation.ComponentScanParserBeanDefinitionDefaultsTests$PropertyDependencyTestBean' available: expected single matching bean but found 2: org.springframework.context.annotation.ComponentScanParserBeanDefinitionDefaultsTests$PropertyDependencyTestBean#0,propertyDependency2
âãÒ22:55:01.517 [Test worker] WARN  o.s.c.s.SerializableBeanFactoryMemoryLeakTests$1 - Exception encountered during context initialization - cancelling refresh attempt: org.springframework.beans.factory.BeanCreationException: Error creating bean with name 'misconfigured': Error setting property values; nested exception is org.springframework.beans.NotWritablePropertyException: Invalid property 'nonexistent' of bean class [java.lang.Object]: Bean property 'nonexistent' is not writable or has an invalid setter method. Does the parameter type of the setter match the return type of the getter?
âäÃ22:55:01.518 [Test worker] WARN  o.s.c.s.GenericApplicationContext - Exception encountered during context initialization - cancelling refresh attempt: org.springframework.beans.factory.BeanCreationException: Error creating bean with name 'misconfigured': Error setting property values; nested exception is org.springframework.beans.NotWritablePropertyException: Invalid property 'nonexistent' of bean class [java.lang.Object]: Bean property 'nonexistent' is not writable or has an invalid setter method. Does the parameter type of the setter match the return type of the getter?
çæª22:55:01.521 [Test worker] WARN  o.s.c.s.StaticApplicationContext - Exception encountered during context initialization - cancelling refresh attempt: org.springframework.beans.factory.BeanInitializationException: Could not load properties; nested exception is java.io.FileNotFoundException: class path resource [Users/pamella/IdeaProjects/spring-framework-5.1.x/spring-context/test] cannot be opened because it does not exist
çèÂ22:55:01.522 [Test worker] WARN  o.s.c.s.StaticApplicationContext - Exception encountered during context initialization - cancelling refresh attempt: org.springframework.beans.factory.BeanDefinitionStoreException: Invalid bean definition with name 'tb1' defined in null: Circular placeholder reference 'var' in property definitions; nested exception is java.lang.IllegalArgumentException: Circular placeholder reference 'var' in property definitions
çéì22:55:01.523 [Test worker] WARN  o.s.c.s.StaticApplicationContext - Exception encountered during context initialization - cancelling refresh attempt: org.springframework.beans.factory.BeanInitializationException: Could not load properties; nested exception is java.io.FileNotFoundException: class path resource [Users/pamella/IdeaProjects/spring-framework-5.1.x/spring-context/test//Users/pamella/IdeaProjects/spring-framework-5.1.x/spring-context] cannot be opened because it does not exist
çê¾22:55:01.524 [Test worker] WARN  o.s.c.s.StaticApplicationContext - Exception encountered during context initialization - cancelling refresh attempt: org.springframework.beans.factory.BeanDefinitionStoreException: Invalid bean definition with name 'tb1' defined in null: Circular placeholder reference 'm' in property definitions; nested exception is java.lang.IllegalArgumentException: Circular placeholder reference 'm' in property definitions
çë°22:55:01.525 [Test worker] WARN  o.s.c.s.StaticApplicationContext - Exception encountered during context initialization - cancelling refresh attempt: org.springframework.beans.factory.BeanDefinitionStoreException: Invalid bean definition with name 'tb1' defined in null: Could not resolve placeholder 'm2' in value "${m2}"; nested exception is java.lang.IllegalArgumentException: Could not resolve placeholder 'm2' in value "${m2}"
 çëšorg.springframework.beans.factory.BeanDefinitionStoreException: Invalid bean definition with name 'tb1' defined in null: Could not resolve placeholder 'm2' in value "${m2}"; nested exception is java.lang.IllegalArgumentException: Could not resolve placeholder 'm2' in value "${m2}"
 çë…	at org.springframework.beans.factory.config.PlaceholderConfigurerSupport.doProcessProperties(PlaceholderConfigurerSupport.java:228)
 çë…	at org.springframework.beans.factory.config.PropertyPlaceholderConfigurer.processProperties(PropertyPlaceholderConfigurer.java:213)
 çëƒ	at org.springframework.beans.factory.config.PropertyResourceConfigurer.postProcessBeanFactory(PropertyResourceConfigurer.java:86)
 çë–	at org.springframework.context.support.PostProcessorRegistrationDelegate.invokeBeanFactoryPostProcessors(PostProcessorRegistrationDelegate.java:286)
 çë–	at org.springframework.context.support.PostProcessorRegistrationDelegate.invokeBeanFactoryPostProcessors(PostProcessorRegistrationDelegate.java:166)
 çëˆ	at org.springframework.context.support.AbstractApplicationContext.invokeBeanFactoryPostProcessors(AbstractApplicationContext.java:715)
 çëp	at org.springframework.context.support.AbstractApplicationContext.refresh(AbstractApplicationContext.java:540)
 çëÉ	at org.springframework.context.support.PropertyResourceConfigurerIntegrationTests.testPropertyPlaceholderConfigurerWithNestedUnresolvableReference(PropertyResourceConfigurerIntegrationTests.java:166)
 çë@	at sun.reflect.NativeMethodAccessorImpl.invoke0(Native Method)
 çëR	at sun.reflect.NativeMethodAccessorImpl.invoke(NativeMethodAccessorImpl.java:62)
 çëZ	at sun.reflect.DelegatingMethodAccessorImpl.invoke(DelegatingMethodAccessorImpl.java:43)
 çë5	at java.lang.reflect.Method.invoke(Method.java:498)
 çëY	at org.junit.runners.model.FrameworkMethod$1.runReflectiveCall(FrameworkMethod.java:50)
 çëX	at org.junit.internal.runners.model.ReflectiveCallable.run(ReflectiveCallable.java:12)
 çëW	at org.junit.runners.model.FrameworkMethod.invokeExplosively(FrameworkMethod.java:47)
 çëV	at org.junit.internal.runners.statements.InvokeMethod.evaluate(InvokeMethod.java:17)
 çëB	at org.junit.runners.ParentRunner.runLeaf(ParentRunner.java:325)
 çëV	at org.junit.runners.BlockJUnit4ClassRunner.runChild(BlockJUnit4ClassRunner.java:78)
 çëV	at org.junit.runners.BlockJUnit4ClassRunner.runChild(BlockJUnit4ClassRunner.java:57)
 çë@	at org.junit.runners.ParentRunner$3.run(ParentRunner.java:290)
 çëD	at org.junit.runners.ParentRunner$1.schedule(ParentRunner.java:71)
 çëF	at org.junit.runners.ParentRunner.runChildren(ParentRunner.java:288)
 çëD	at org.junit.runners.ParentRunner.access$000(ParentRunner.java:58)
 çëE	at org.junit.runners.ParentRunner$2.evaluate(ParentRunner.java:268)
 çë>	at org.junit.runners.ParentRunner.run(ParentRunner.java:363)
 çëu	at org.gradle.api.internal.tasks.testing.junit.JUnitTestClassExecutor.runTestClass(JUnitTestClassExecutor.java:110)
 çëo	at org.gradle.api.internal.tasks.testing.junit.JUnitTestClassExecutor.execute(JUnitTestClassExecutor.java:58)
 çëo	at org.gradle.api.internal.tasks.testing.junit.JUnitTestClassExecutor.execute(JUnitTestClassExecutor.java:38)
 çëŠ	at org.gradle.api.internal.tasks.testing.junit.AbstractJUnitTestClassProcessor.processTestClass(AbstractJUnitTestClassProcessor.java:62)
 çët	at org.gradle.api.internal.tasks.testing.SuiteTestClassProcessor.processTestClass(SuiteTestClassProcessor.java:51)
 çëA	at sun.reflect.GeneratedMethodAccessor54.invoke(Unknown Source)
 çëZ	at sun.reflect.DelegatingMethodAccessorImpl.invoke(DelegatingMethodAccessorImpl.java:43)
 çë5	at java.lang.reflect.Method.invoke(Method.java:498)
 çëY	at org.gradle.internal.dispatch.ReflectionDispatch.dispatch(ReflectionDispatch.java:36)
 çëY	at org.gradle.internal.dispatch.ReflectionDispatch.dispatch(ReflectionDispatch.java:24)
 çëi	at org.gradle.internal.dispatch.ContextClassLoaderDispatch.dispatch(ContextClassLoaderDispatch.java:33)
 çëx	at org.gradle.internal.dispatch.ProxyDispatchAdapter$DispatchingInvocationHandler.invoke(ProxyDispatchAdapter.java:94)
 çë;	at com.sun.proxy.$Proxy2.processTestClass(Unknown Source)
 çëb	at org.gradle.api.internal.tasks.testing.worker.TestWorker.processTestClass(TestWorker.java:118)
 çëA	at sun.reflect.GeneratedMethodAccessor53.invoke(Unknown Source)
 çëZ	at sun.reflect.DelegatingMethodAccessorImpl.invoke(DelegatingMethodAccessorImpl.java:43)
 çë5	at java.lang.reflect.Method.invoke(Method.java:498)
 çëY	at org.gradle.internal.dispatch.ReflectionDispatch.dispatch(ReflectionDispatch.java:36)
 çëY	at org.gradle.internal.dispatch.ReflectionDispatch.dispatch(ReflectionDispatch.java:24)
 çë‘	at org.gradle.internal.remote.internal.hub.MessageHubBackedObjectConnection$DispatchWrapper.dispatch(MessageHubBackedObjectConnection.java:182)
 çë‘	at org.gradle.internal.remote.internal.hub.MessageHubBackedObjectConnection$DispatchWrapper.dispatch(MessageHubBackedObjectConnection.java:164)
 çëX	at org.gradle.internal.remote.internal.hub.MessageHub$Handler.run(MessageHub.java:412)
 çëk	at org.gradle.internal.concurrent.ExecutorPolicy$CatchAndRecordFailures.onExecute(ExecutorPolicy.java:64)
 çëZ	at org.gradle.internal.concurrent.ManagedExecutorImpl$1.run(ManagedExecutorImpl.java:48)
 çëT	at java.util.concurrent.ThreadPoolExecutor.runWorker(ThreadPoolExecutor.java:1149)
 çëT	at java.util.concurrent.ThreadPoolExecutor$Worker.run(ThreadPoolExecutor.java:624)
 çëj	at org.gradle.internal.concurrent.ThreadFactoryImpl$ManagedThreadRunnable.run(ThreadFactoryImpl.java:56)
 çë*	at java.lang.Thread.run(Thread.java:748)
 çëcCaused by: java.lang.IllegalArgumentException: Could not resolve placeholder 'm2' in value "${m2}"
 çël	at org.springframework.util.PropertyPlaceholderHelper.parseStringValue(PropertyPlaceholderHelper.java:178)
 çël	at org.springframework.util.PropertyPlaceholderHelper.parseStringValue(PropertyPlaceholderHelper.java:166)
 çël	at org.springframework.util.PropertyPlaceholderHelper.parseStringValue(PropertyPlaceholderHelper.java:166)
 çël	at org.springframework.util.PropertyPlaceholderHelper.parseStringValue(PropertyPlaceholderHelper.java:166)
 çëo	at org.springframework.util.PropertyPlaceholderHelper.replacePlaceholders(PropertyPlaceholderHelper.java:124)
 çë®	at org.springframework.beans.factory.config.PropertyPlaceholderConfigurer$PlaceholderResolvingStringValueResolver.resolveStringValue(PropertyPlaceholderConfigurer.java:232)
 çëv	at org.springframework.beans.factory.config.BeanDefinitionVisitor.resolveStringValue(BeanDefinitionVisitor.java:296)
 çëp	at org.springframework.beans.factory.config.BeanDefinitionVisitor.resolveValue(BeanDefinitionVisitor.java:222)
 çëw	at org.springframework.beans.factory.config.BeanDefinitionVisitor.visitPropertyValues(BeanDefinitionVisitor.java:147)
 çëv	at org.springframework.beans.factory.config.BeanDefinitionVisitor.visitBeanDefinition(BeanDefinitionVisitor.java:85)
 çë…	at org.springframework.beans.factory.config.PlaceholderConfigurerSupport.doProcessProperties(PlaceholderConfigurerSupport.java:225)
 çë	... 52 more
çíý22:55:01.531 [Test worker] WARN  o.s.c.s.StaticApplicationContext - Exception encountered during context initialization - cancelling refresh attempt: org.springframework.beans.factory.BeanInitializationException: Could not load properties; nested exception is java.io.FileNotFoundException: class path resource [${myprop}/test/${myprop}] cannot be opened because it does not exist
°²™22:55:02.166 [Test worker] WARN  o.s.c.s.ClassPathXmlApplicationContext - Exception encountered during context initialization - cancelling refresh attempt: org.springframework.beans.factory.BeanCreationException: Error creating bean with name 'someMessageSource' defined in class path resource [org/springframework/context/support/invalidValueType.xml]: Initialization of bean failed; nested exception is org.springframework.beans.TypeMismatchException: Failed to convert property value of type 'java.lang.String' to required type 'boolean' for property 'useCodeAsDefaultMessage'; nested exception is java.lang.IllegalArgumentException: Invalid boolean value [xxx]
ÇÝú22:55:04.493 [Test worker] WARN  o.s.c.s.ResourceBundleMessageSource - ResourceBundle [org/springframework/context/support/messages] not found for MessageSource: Can't find bundle for base name org/springframework/context/support/messages, locale en
‹“€22:55:07.684 [Test worker] WARN  o.s.c.a.AnnotationConfigApplicationContext - Exception encountered during context initialization - cancelling refresh attempt: org.springframework.beans.factory.BeanInitializationException: Failed to process @EventListener annotation on bean with name 'annotationDrivenEventListenerTests.InvalidMethodSignatureEventListener'; nested exception is java.lang.IllegalStateException: Maximum one parameter is allowed for event listener method: public void org.springframework.context.event.AnnotationDrivenEventListenerTests$InvalidMethodSignatureEventListener.cannotBeCalled(java.lang.String,java.lang.Integer)
‹›Ê22:55:07.758 [Test worker] WARN  o.s.c.a.AnnotationConfigApplicationContext - Exception encountered during context initialization - cancelling refresh attempt: org.springframework.beans.factory.BeanInitializationException: Failed to process @EventListener annotation on bean with name 'annotationDrivenEventListenerTests.CglibProxyWithPrivateMethod'; nested exception is java.lang.IllegalStateException: Need to invoke method 'handleIt' found on proxy for target class 'CglibProxyWithPrivateMethod' but cannot be delegated to target bean. Switch its visibility to package or protected.
‹¥¿22:55:08.000 [SimpleAsyncTaskExecutor-1] ERROR o.s.a.i.SimpleAsyncUncaughtExceptionHandler - Unexpected exception occurred invoking async method: public void org.springframework.context.event.AnnotationDrivenEventListenerTests$ExceptionEventListener.handleAsync(org.springframework.context.event.test.AnotherTestEvent)
‹¥0java.lang.IllegalStateException: Test exception
‹¥¤	at org.springframework.context.event.AnnotationDrivenEventListenerTests$ExceptionEventListener.handleAsync(AnnotationDrivenEventListenerTests.java:736) ~[test/:?]
‹¥¡	at org.springframework.context.event.AnnotationDrivenEventListenerTests$ExceptionEventListener$$FastClassBySpringCGLIB$$356572e3.invoke(<generated>) ~[test/:?]
‹¥Œ	at org.springframework.cglib.proxy.MethodProxy.invoke(MethodProxy.java:218) ~[spring-core-5.1.21.BUILD-SNAPSHOT.jar:5.1.21.BUILD-SNAPSHOT]
‹¥°	at org.springframework.aop.framework.CglibAopProxy$CglibMethodInvocation.invokeJoinpoint(CglibAopProxy.java:752) ~[spring-aop-5.1.21.BUILD-SNAPSHOT.jar:5.1.21.BUILD-SNAPSHOT]
‹¥¬	at org.springframework.aop.framework.ReflectiveMethodInvocation.proceed(ReflectiveMethodInvocation.java:163) ~[spring-aop-5.1.21.BUILD-SNAPSHOT.jar:5.1.21.BUILD-SNAPSHOT]
‹¥´	at org.springframework.aop.interceptor.AsyncExecutionInterceptor.lambda$invoke$0(AsyncExecutionInterceptor.java:115) ~[spring-aop-5.1.21.BUILD-SNAPSHOT.jar:5.1.21.BUILD-SNAPSHOT]
‹¥K	at java.util.concurrent.FutureTask.run(FutureTask.java:266) [?:1.8.0_231]
‹¥8	at java.lang.Thread.run(Thread.java:748) [?:1.8.0_231]
½Ìv22:55:08.120 [Test worker] ERROR o.s.s.s.TaskUtils$LoggingErrorHandler - Unexpected error occurred in scheduled task.
½Ì!java.lang.RuntimeException: null
½Ì	at org.springframework.context.event.SimpleApplicationEventMulticaster.doInvokeListener(SimpleApplicationEventMulticaster.java:172) ~[main/:?]
½Ì	at org.springframework.context.event.SimpleApplicationEventMulticaster.invokeListener(SimpleApplicationEventMulticaster.java:158) [main/:?]
½Ì	at org.springframework.context.event.SimpleApplicationEventMulticaster.multicastEvent(SimpleApplicationEventMulticaster.java:139) [main/:?]
½Ì	at org.springframework.context.event.SimpleApplicationEventMulticaster.multicastEvent(SimpleApplicationEventMulticaster.java:127) [main/:?]
½Ì¦	at org.springframework.context.event.ApplicationContextEventTests.simpleApplicationEventMulticasterWithErrorHandler(ApplicationContextEventTests.java:178) [test/:?]
½ÌO	at sun.reflect.NativeMethodAccessorImpl.invoke0(Native Method) ~[?:1.8.0_231]
½Ìa	at sun.reflect.NativeMethodAccessorImpl.invoke(NativeMethodAccessorImpl.java:62) ~[?:1.8.0_231]
½Ìi	at sun.reflect.DelegatingMethodAccessorImpl.invoke(DelegatingMethodAccessorImpl.java:43) ~[?:1.8.0_231]
½ÌD	at java.lang.reflect.Method.invoke(Method.java:498) ~[?:1.8.0_231]
½Ìo	at org.junit.runners.model.FrameworkMethod$1.runReflectiveCall(FrameworkMethod.java:50) [junit-4.12.jar:4.12]
½Ìn	at org.junit.internal.runners.model.ReflectiveCallable.run(ReflectiveCallable.java:12) [junit-4.12.jar:4.12]
½Ìm	at org.junit.runners.model.FrameworkMethod.invokeExplosively(FrameworkMethod.java:47) [junit-4.12.jar:4.12]
½Ìl	at org.junit.internal.runners.statements.InvokeMethod.evaluate(InvokeMethod.java:17) [junit-4.12.jar:4.12]
½ÌX	at org.junit.runners.ParentRunner.runLeaf(ParentRunner.java:325) [junit-4.12.jar:4.12]
½Ìl	at org.junit.runners.BlockJUnit4ClassRunner.runChild(BlockJUnit4ClassRunner.java:78) [junit-4.12.jar:4.12]
½Ìl	at org.junit.runners.BlockJUnit4ClassRunner.runChild(BlockJUnit4ClassRunner.java:57) [junit-4.12.jar:4.12]
½ÌV	at org.junit.runners.ParentRunner$3.run(ParentRunner.java:290) [junit-4.12.jar:4.12]
½ÌZ	at org.junit.runners.ParentRunner$1.schedule(ParentRunner.java:71) [junit-4.12.jar:4.12]
½Ì\	at org.junit.runners.ParentRunner.runChildren(ParentRunner.java:288) [junit-4.12.jar:4.12]
½ÌZ	at org.junit.runners.ParentRunner.access$000(ParentRunner.java:58) [junit-4.12.jar:4.12]
½Ì[	at org.junit.runners.ParentRunner$2.evaluate(ParentRunner.java:268) [junit-4.12.jar:4.12]
½ÌT	at org.junit.runners.ParentRunner.run(ParentRunner.java:363) [junit-4.12.jar:4.12]
½Ìš	at org.gradle.api.internal.tasks.testing.junit.JUnitTestClassExecutor.runTestClass(JUnitTestClassExecutor.java:110) [gradle-testing-jvm-5.6.4.jar:5.6.4]
½Ì”	at org.gradle.api.internal.tasks.testing.junit.JUnitTestClassExecutor.execute(JUnitTestClassExecutor.java:58) [gradle-testing-jvm-5.6.4.jar:5.6.4]
½Ì”	at org.gradle.api.internal.tasks.testing.junit.JUnitTestClassExecutor.execute(JUnitTestClassExecutor.java:38) [gradle-testing-jvm-5.6.4.jar:5.6.4]
½Ì¯	at org.gradle.api.internal.tasks.testing.junit.AbstractJUnitTestClassProcessor.processTestClass(AbstractJUnitTestClassProcessor.java:62) [gradle-testing-jvm-5.6.4.jar:5.6.4]
½Ìš	at org.gradle.api.internal.tasks.testing.SuiteTestClassProcessor.processTestClass(SuiteTestClassProcessor.java:51) [gradle-testing-base-5.6.4.jar:5.6.4]
½ÌH	at sun.reflect.GeneratedMethodAccessor54.invoke(Unknown Source) ~[?:?]
½Ìi	at sun.reflect.DelegatingMethodAccessorImpl.invoke(DelegatingMethodAccessorImpl.java:43) ~[?:1.8.0_231]
½ÌD	at java.lang.reflect.Method.invoke(Method.java:498) ~[?:1.8.0_231]
½Ì|	at org.gradle.internal.dispatch.ReflectionDispatch.dispatch(ReflectionDispatch.java:36) [gradle-messaging-5.6.4.jar:5.6.4]
½Ì|	at org.gradle.internal.dispatch.ReflectionDispatch.dispatch(ReflectionDispatch.java:24) [gradle-messaging-5.6.4.jar:5.6.4]
½ÌŒ	at org.gradle.internal.dispatch.ContextClassLoaderDispatch.dispatch(ContextClassLoaderDispatch.java:33) [gradle-messaging-5.6.4.jar:5.6.4]
½Ì›	at org.gradle.internal.dispatch.ProxyDispatchAdapter$DispatchingInvocationHandler.invoke(ProxyDispatchAdapter.java:94) [gradle-messaging-5.6.4.jar:5.6.4]
½ÌA	at com.sun.proxy.$Proxy2.processTestClass(Unknown Source) [?:?]
½Ìˆ	at org.gradle.api.internal.tasks.testing.worker.TestWorker.processTestClass(TestWorker.java:118) [gradle-testing-base-5.6.4.jar:5.6.4]
½ÌH	at sun.reflect.GeneratedMethodAccessor53.invoke(Unknown Source) ~[?:?]
½Ìi	at sun.reflect.DelegatingMethodAccessorImpl.invoke(DelegatingMethodAccessorImpl.java:43) ~[?:1.8.0_231]
½ÌD	at java.lang.reflect.Method.invoke(Method.java:498) ~[?:1.8.0_231]
½Ì|	at org.gradle.internal.dispatch.ReflectionDispatch.dispatch(ReflectionDispatch.java:36) [gradle-messaging-5.6.4.jar:5.6.4]
½Ì|	at org.gradle.internal.dispatch.ReflectionDispatch.dispatch(ReflectionDispatch.java:24) [gradle-messaging-5.6.4.jar:5.6.4]
½Ì´	at org.gradle.internal.remote.internal.hub.MessageHubBackedObjectConnection$DispatchWrapper.dispatch(MessageHubBackedObjectConnection.java:182) [gradle-messaging-5.6.4.jar:5.6.4]
½Ì´	at org.gradle.internal.remote.internal.hub.MessageHubBackedObjectConnection$DispatchWrapper.dispatch(MessageHubBackedObjectConnection.java:164) [gradle-messaging-5.6.4.jar:5.6.4]
½Ì{	at org.gradle.internal.remote.internal.hub.MessageHub$Handler.run(MessageHub.java:412) [gradle-messaging-5.6.4.jar:5.6.4]
½Ì’	at org.gradle.internal.concurrent.ExecutorPolicy$CatchAndRecordFailures.onExecute(ExecutorPolicy.java:64) [gradle-base-services-5.6.4.jar:5.6.4]
½Ì	at org.gradle.internal.concurrent.ManagedExecutorImpl$1.run(ManagedExecutorImpl.java:48) [gradle-base-services-5.6.4.jar:5.6.4]
½Ìb	at java.util.concurrent.ThreadPoolExecutor.runWorker(ThreadPoolExecutor.java:1149) [?:1.8.0_231]
½Ìb	at java.util.concurrent.ThreadPoolExecutor$Worker.run(ThreadPoolExecutor.java:624) [?:1.8.0_231]
½Ì‘	at org.gradle.internal.concurrent.ThreadFactoryImpl$ManagedThreadRunnable.run(ThreadFactoryImpl.java:56) [gradle-base-services-5.6.4.jar:5.6.4]
½Ì8	at java.lang.Thread.run(Thread.java:748) [?:1.8.0_231]
­	¬	Ncustomizing org.springframework.scripting.groovy.GroovyCalculator@345544fe...
­	¯	GroovyMessenger
­	¯	GroovyMessenger
­	²	è22:55:09.668 [Test worker] WARN  o.s.c.s.ClassPathXmlApplicationContext - Exception encountered during context initialization - cancelling refresh attempt: org.springframework.beans.factory.BeanCreationException: Error creating bean with name 'messenger' defined in class path resource [org/springframework/scripting/groovy/lwspBadGroovyContext.xml]: BeanPostProcessor before instantiation of bean failed; nested exception is org.springframework.beans.factory.BeanCreationException: Error creating bean with name 'messenger': Could not determine scripted object type for GroovyScriptFactory: script source locator [
­	²	    inline:
­	²				
­	²		class Bingo {
­	²	
­	²			@Property String message;
­	²		}
­	²	O			]; nested exception is java.io.FileNotFoundException: class path resource [
­	²	    inline:
­	²				
­	²		class Bingo {
­	²	
­	²			@Property String message;
­	²		}
­	²	0			] cannot be opened because it does not exist
­	´	GroovyMessenger
­	µ	Ncustomizing org.springframework.scripting.groovy.GroovyCalculator@13abe93a...
­	¶	GroovyMessenger
­	·	GroovyMessenger
­	·	GroovyMessenger
­	¸	GroovyMessenger
­	¸	GroovyMessenger
­	¹	Ncustomizing org.springframework.scripting.groovy.GroovyCalculator@7cdaa568...
­	º	GroovyMessenger
­	º	GroovyMessenger
­	»	GroovyMessenger
­	»	GroovyMessenger
­	¼	Ncustomizing org.springframework.scripting.groovy.GroovyCalculator@45994d25...
­	½	GroovyMessenger
­	½	GroovyMessenger
­	¾	GroovyMessenger
­	À	Ncustomizing org.springframework.scripting.groovy.GroovyCalculator@7e998044...
­	Á	GroovyMessenger
­	Å	¯22:55:11.605 [Test worker] WARN  o.s.c.s.ClassPathXmlApplicationContext - Exception encountered during context initialization - cancelling refresh attempt: org.springframework.beans.factory.BeanCreationException: Error creating bean with name 'broken' defined in class path resource [org/springframework/scripting/groovy/groovyBrokenContext.xml]: BeanPostProcessor before instantiation of bean failed; nested exception is org.springframework.beans.factory.BeanCreationException: Error creating bean with name 'broken': Could not determine scripted object type for GroovyScriptFactory: script source locator [classpath:org/springframework/scripting/groovy/Broken.groovyb]; nested exception is org.springframework.scripting.ScriptCompilationException: Could not compile class path resource [org/springframework/scripting/groovy/Broken.groovyb]; nested exception is org.codehaus.groovy.control.MultipleCompilationErrorsException: startup failed:
­	Å	@Broken: 9: expecting '(', found 'breakfast' @ line 9, column 5.
­	Å	   for breakfast
­	Å		       ^
­	Å	
­	Å	1 error
­	Å	
­	Ç	ò22:55:11.725 [Test worker] WARN  o.s.c.s.ClassPathXmlApplicationContext - Exception encountered during context initialization - cancelling refresh attempt: org.springframework.beans.factory.BeanCreationException: Error creating bean with name 'messenger' defined in class path resource [org/springframework/scripting/groovy/twoClassesWrongOneFirst.xml]: BeanPostProcessor before instantiation of bean failed; nested exception is org.springframework.beans.factory.BeanCreationException: Error creating bean with name 'messenger': Could not determine scripted object type for GroovyScriptFactory: script source locator [inline:
­	Ç	/	package org.springframework.scripting.groovy;
­	Ç	
­	Ç	1	import org.springframework.scripting.Messenger;
­	Ç				
­	Ç		class Bingo {
­	Ç	
­	Ç			@Property String message;
­	Ç		}
­	Ç	
­	Ç	.	class GroovyMessenger implements Messenger {
­	Ç	
­	Ç			@Property String message;
­	Ç		}
­	Ç	ó			]; nested exception is org.springframework.scripting.ScriptCompilationException: Could not compile static script [scriptFactory.messenger]; nested exception is org.codehaus.groovy.control.MultipleCompilationErrorsException: startup failed:
­	Ç	dscriptFactory.messenger: 8: unable to resolve class Property ,  unable to find class for annotation
­	Ç	 @ line 8, column 3.
­	Ç	   		@Property String message;
­	Ç	     ^
­	Ç	
­	Ç	escriptFactory.messenger: 13: unable to resolve class Property ,  unable to find class for annotation
­	Ç	 @ line 13, column 3.
­	Ç	   		@Property String message;
­	Ç	     ^
­	Ç	
­	Ç		2 errors
­	Ç	
ç	æ	ù22:55:12.760 [Test worker] WARN  o.s.c.s.ClassPathXmlApplicationContext - Exception encountered during context initialization - cancelling refresh attempt: org.springframework.beans.factory.BeanCreationException: Error creating bean with name 'broken' defined in class path resource [org/springframework/scripting/bsh/bshBrokenContext.xml]: BeanPostProcessor before instantiation of bean failed; nested exception is org.springframework.beans.factory.BeanCreationException: Error creating bean with name 'scriptedObject.broken' defined in class path resource [org/springframework/scripting/bsh/bshBrokenContext.xml]: Bean instantiation via factory method failed; nested exception is org.springframework.beans.BeanInstantiationException: Failed to instantiate [java.lang.Object]: Factory method 'getScriptedObject' threw exception; nested exception is org.springframework.scripting.ScriptCompilationException: Could not compile class path resource [org/springframework/scripting/bsh/Broken.bsh]; nested exception is In file: inline evaluation of: ``one sure is the loneliest number... that i'll ever know;'' Encountered "is" at line 1, column 10.
ç	æ	
ç	ê	µorg.springframework.context.event.ContextRefreshedEvent[source=org.springframework.context.support.ClassPathXmlApplicationContext@245148a2, started on Mon Jul 04 22:55:12 CST 2022]
ç	ê	²org.springframework.context.event.ContextClosedEvent[source=org.springframework.context.support.ClassPathXmlApplicationContext@245148a2, started on Mon Jul 04 22:55:12 CST 2022]
ç	ë	µorg.springframework.context.event.ContextRefreshedEvent[source=org.springframework.context.support.ClassPathXmlApplicationContext@33502b88, started on Mon Jul 04 22:55:13 CST 2022]
ç	ð	µorg.springframework.context.event.ContextRefreshedEvent[source=org.springframework.context.support.ClassPathXmlApplicationContext@1f377be4, started on Mon Jul 04 22:55:13 CST 2022]
ç	ó	µorg.springframework.context.event.ContextRefreshedEvent[source=org.springframework.context.support.ClassPathXmlApplicationContext@49e1d091, started on Mon Jul 04 22:55:13 CST 2022]
ç	ó	½org.springframework.scripting.bsh.BshScriptFactoryTests$MyEvent[source=org.springframework.context.support.ClassPathXmlApplicationContext@49e1d091, started on Mon Jul 04 22:55:13 CST 2022]
ç	õ	µorg.springframework.context.event.ContextRefreshedEvent[source=org.springframework.context.support.ClassPathXmlApplicationContext@72d849af, started on Mon Jul 04 22:55:14 CST 2022]
 ‰
Š
:java.io.IOException: 882fccb5-4a47-46f8-bece-a06f0cafd1c2
 ‰
Š
~	at org.springframework.cache.config.AnnotatedClassCacheableService.throwCheckedSync(AnnotatedClassCacheableService.java:194)
 ‰
Š
@	at sun.reflect.NativeMethodAccessorImpl.invoke0(Native Method)
 ‰
Š
R	at sun.reflect.NativeMethodAccessorImpl.invoke(NativeMethodAccessorImpl.java:62)
 ‰
Š
Z	at sun.reflect.DelegatingMethodAccessorImpl.invoke(DelegatingMethodAccessorImpl.java:43)
 ‰
Š
5	at java.lang.reflect.Method.invoke(Method.java:498)
 ‰
Š
_	at org.springframework.aop.support.AopUtils.invokeJoinpointUsingReflection(AopUtils.java:343)
 ‰
Š
v	at org.springframework.aop.framework.ReflectiveMethodInvocation.invokeJoinpoint(ReflectiveMethodInvocation.java:198)
 ‰
Š
n	at org.springframework.aop.framework.ReflectiveMethodInvocation.proceed(ReflectiveMethodInvocation.java:163)
 ‰
Š
e	at org.springframework.cache.interceptor.CacheInterceptor.lambda$invoke$0(CacheInterceptor.java:53)
 ‰
Š
j	at org.springframework.cache.interceptor.CacheAspectSupport.invokeOperation(CacheAspectSupport.java:366)
 ‰
Š
k	at org.springframework.cache.interceptor.CacheAspectSupport.lambda$execute$1(CacheAspectSupport.java:382)
 ‰
Š
f	at org.springframework.cache.concurrent.ConcurrentMapCache.lambda$get$0(ConcurrentMapCache.java:146)
 ‰
Š
X	at java.util.concurrent.ConcurrentHashMap.computeIfAbsent(ConcurrentHashMap.java:1660)
 ‰
Š
]	at org.springframework.cache.concurrent.ConcurrentMapCache.get(ConcurrentMapCache.java:144)
 ‰
Š
b	at org.springframework.cache.interceptor.CacheAspectSupport.execute(CacheAspectSupport.java:382)
 ‰
Š
b	at org.springframework.cache.interceptor.CacheAspectSupport.execute(CacheAspectSupport.java:346)
 ‰
Š
\	at org.springframework.cache.interceptor.CacheInterceptor.invoke(CacheInterceptor.java:61)
 ‰
Š
n	at org.springframework.aop.framework.ReflectiveMethodInvocation.proceed(ReflectiveMethodInvocation.java:186)
 ‰
Š
k	at org.springframework.aop.interceptor.AbstractTraceInterceptor.invoke(AbstractTraceInterceptor.java:134)
 ‰
Š
Z	at org.springframework.aop.interceptor.DebugInterceptor.invoke(DebugInterceptor.java:63)
 ‰
Š
n	at org.springframework.aop.framework.ReflectiveMethodInvocation.proceed(ReflectiveMethodInvocation.java:186)
 ‰
Š
p	at org.springframework.aop.interceptor.ExposeInvocationInterceptor.invoke(ExposeInvocationInterceptor.java:93)
 ‰
Š
n	at org.springframework.aop.framework.ReflectiveMethodInvocation.proceed(ReflectiveMethodInvocation.java:186)
 ‰
Š
]	at org.springframework.aop.framework.JdkDynamicAopProxy.invoke(JdkDynamicAopProxy.java:212)
 ‰
Š
=	at com.sun.proxy.$Proxy237.throwCheckedSync(Unknown Source)
 ‰
Š
‚	at org.springframework.cache.config.AbstractCacheAnnotationTests.testCheckedThrowableSync(AbstractCacheAnnotationTests.java:355)
 ‰
Š
‡	at org.springframework.cache.config.AbstractCacheAnnotationTests.testClassCheckedExceptionSync(AbstractCacheAnnotationTests.java:764)
 ‰
Š
@	at sun.reflect.NativeMethodAccessorImpl.invoke0(Native Method)
 ‰
Š
R	at sun.reflect.NativeMethodAccessorImpl.invoke(NativeMethodAccessorImpl.java:62)
 ‰
Š
Z	at sun.reflect.DelegatingMethodAccessorImpl.invoke(DelegatingMethodAccessorImpl.java:43)
 ‰
Š
5	at java.lang.reflect.Method.invoke(Method.java:498)
 ‰
Š
Y	at org.junit.runners.model.FrameworkMethod$1.runReflectiveCall(FrameworkMethod.java:50)
 ‰
Š
X	at org.junit.internal.runners.model.ReflectiveCallable.run(ReflectiveCallable.java:12)
 ‰
Š
W	at org.junit.runners.model.FrameworkMethod.invokeExplosively(FrameworkMethod.java:47)
 ‰
Š
V	at org.junit.internal.runners.statements.InvokeMethod.evaluate(InvokeMethod.java:17)
 ‰
Š
R	at org.junit.internal.runners.statements.RunBefores.evaluate(RunBefores.java:26)
 ‰
Š
P	at org.junit.internal.runners.statements.RunAfters.evaluate(RunAfters.java:27)
 ‰
Š
B	at org.junit.runners.ParentRunner.runLeaf(ParentRunner.java:325)
 ‰
Š
V	at org.junit.runners.BlockJUnit4ClassRunner.runChild(BlockJUnit4ClassRunner.java:78)
 ‰
Š
V	at org.junit.runners.BlockJUnit4ClassRunner.runChild(BlockJUnit4ClassRunner.java:57)
 ‰
Š
@	at org.junit.runners.ParentRunner$3.run(ParentRunner.java:290)
 ‰
Š
D	at org.junit.runners.ParentRunner$1.schedule(ParentRunner.java:71)
 ‰
Š
F	at org.junit.runners.ParentRunner.runChildren(ParentRunner.java:288)
 ‰
Š
D	at org.junit.runners.ParentRunner.access$000(ParentRunner.java:58)
 ‰
Š
E	at org.junit.runners.ParentRunner$2.evaluate(ParentRunner.java:268)
 ‰
Š
>	at org.junit.runners.ParentRunner.run(ParentRunner.java:363)
 ‰
Š
u	at org.gradle.api.internal.tasks.testing.junit.JUnitTestClassExecutor.runTestClass(JUnitTestClassExecutor.java:110)
 ‰
Š
o	at org.gradle.api.internal.tasks.testing.junit.JUnitTestClassExecutor.execute(JUnitTestClassExecutor.java:58)
 ‰
Š
o	at org.gradle.api.internal.tasks.testing.junit.JUnitTestClassExecutor.execute(JUnitTestClassExecutor.java:38)
 ‰
Š
Š	at org.gradle.api.internal.tasks.testing.junit.AbstractJUnitTestClassProcessor.processTestClass(AbstractJUnitTestClassProcessor.java:62)
 ‰
Š
t	at org.gradle.api.internal.tasks.testing.SuiteTestClassProcessor.processTestClass(SuiteTestClassProcessor.java:51)
 ‰
Š
A	at sun.reflect.GeneratedMethodAccessor54.invoke(Unknown Source)
 ‰
Š
Z	at sun.reflect.DelegatingMethodAccessorImpl.invoke(DelegatingMethodAccessorImpl.java:43)
 ‰
Š
5	at java.lang.reflect.Method.invoke(Method.java:498)
 ‰
Š
Y	at org.gradle.internal.dispatch.ReflectionDispatch.dispatch(ReflectionDispatch.java:36)
 ‰
Š
Y	at org.gradle.internal.dispatch.ReflectionDispatch.dispatch(ReflectionDispatch.java:24)
 ‰
Š
i	at org.gradle.internal.dispatch.ContextClassLoaderDispatch.dispatch(ContextClassLoaderDispatch.java:33)
 ‰
Š
x	at org.gradle.internal.dispatch.ProxyDispatchAdapter$DispatchingInvocationHandler.invoke(ProxyDispatchAdapter.java:94)
 ‰
Š
;	at com.sun.proxy.$Proxy2.processTestClass(Unknown Source)
 ‰
Š
b	at org.gradle.api.internal.tasks.testing.worker.TestWorker.processTestClass(TestWorker.java:118)
 ‰
Š
A	at sun.reflect.GeneratedMethodAccessor53.invoke(Unknown Source)
 ‰
Š
Z	at sun.reflect.DelegatingMethodAccessorImpl.invoke(DelegatingMethodAccessorImpl.java:43)
 ‰
Š
5	at java.lang.reflect.Method.invoke(Method.java:498)
 ‰
Š
Y	at org.gradle.internal.dispatch.ReflectionDispatch.dispatch(ReflectionDispatch.java:36)
 ‰
Š
Y	at org.gradle.internal.dispatch.ReflectionDispatch.dispatch(ReflectionDispatch.java:24)
 ‰
Š
‘	at org.gradle.internal.remote.internal.hub.MessageHubBackedObjectConnection$DispatchWrapper.dispatch(MessageHubBackedObjectConnection.java:182)
 ‰
Š
‘	at org.gradle.internal.remote.internal.hub.MessageHubBackedObjectConnection$DispatchWrapper.dispatch(MessageHubBackedObjectConnection.java:164)
 ‰
Š
X	at org.gradle.internal.remote.internal.hub.MessageHub$Handler.run(MessageHub.java:412)
 ‰
Š
k	at org.gradle.internal.concurrent.ExecutorPolicy$CatchAndRecordFailures.onExecute(ExecutorPolicy.java:64)
 ‰
Š
Z	at org.gradle.internal.concurrent.ManagedExecutorImpl$1.run(ManagedExecutorImpl.java:48)
 ‰
Š
T	at java.util.concurrent.ThreadPoolExecutor.runWorker(ThreadPoolExecutor.java:1149)
 ‰
Š
T	at java.util.concurrent.ThreadPoolExecutor$Worker.run(ThreadPoolExecutor.java:624)
 ‰
Š
j	at org.gradle.internal.concurrent.ThreadFactoryImpl$ManagedThreadRunnable.run(ThreadFactoryImpl.java:56)
 ‰
Š
*	at java.lang.Thread.run(Thread.java:748)
 ‰
–
:java.io.IOException: 13c76bfc-a310-409d-953b-35c924d9107b
 ‰
–
p	at org.springframework.cache.config.DefaultCacheableService.throwCheckedSync(DefaultCacheableService.java:203)
 ‰
–
o	at org.springframework.cache.config.DefaultCacheableService.throwCheckedSync(DefaultCacheableService.java:34)
 ‰
–
@	at sun.reflect.NativeMethodAccessorImpl.invoke0(Native Method)
 ‰
–
R	at sun.reflect.NativeMethodAccessorImpl.invoke(NativeMethodAccessorImpl.java:62)
 ‰
–
Z	at sun.reflect.DelegatingMethodAccessorImpl.invoke(DelegatingMethodAccessorImpl.java:43)
 ‰
–
5	at java.lang.reflect.Method.invoke(Method.java:498)
 ‰
–
_	at org.springframework.aop.support.AopUtils.invokeJoinpointUsingReflection(AopUtils.java:343)
 ‰
–
v	at org.springframework.aop.framework.ReflectiveMethodInvocation.invokeJoinpoint(ReflectiveMethodInvocation.java:198)
 ‰
–
n	at org.springframework.aop.framework.ReflectiveMethodInvocation.proceed(ReflectiveMethodInvocation.java:163)
 ‰
–
e	at org.springframework.cache.interceptor.CacheInterceptor.lambda$invoke$0(CacheInterceptor.java:53)
 ‰
–
j	at org.springframework.cache.interceptor.CacheAspectSupport.invokeOperation(CacheAspectSupport.java:366)
 ‰
–
k	at org.springframework.cache.interceptor.CacheAspectSupport.lambda$execute$1(CacheAspectSupport.java:382)
 ‰
–
f	at org.springframework.cache.concurrent.ConcurrentMapCache.lambda$get$0(ConcurrentMapCache.java:146)
 ‰
–
X	at java.util.concurrent.ConcurrentHashMap.computeIfAbsent(ConcurrentHashMap.java:1660)
 ‰
–
]	at org.springframework.cache.concurrent.ConcurrentMapCache.get(ConcurrentMapCache.java:144)
 ‰
–
b	at org.springframework.cache.interceptor.CacheAspectSupport.execute(CacheAspectSupport.java:382)
 ‰
–
b	at org.springframework.cache.interceptor.CacheAspectSupport.execute(CacheAspectSupport.java:346)
 ‰
–
\	at org.springframework.cache.interceptor.CacheInterceptor.invoke(CacheInterceptor.java:61)
 ‰
–
n	at org.springframework.aop.framework.ReflectiveMethodInvocation.proceed(ReflectiveMethodInvocation.java:186)
 ‰
–
k	at org.springframework.aop.interceptor.AbstractTraceInterceptor.invoke(AbstractTraceInterceptor.java:134)
 ‰
–
Z	at org.springframework.aop.interceptor.DebugInterceptor.invoke(DebugInterceptor.java:63)
 ‰
–
n	at org.springframework.aop.framework.ReflectiveMethodInvocation.proceed(ReflectiveMethodInvocation.java:186)
 ‰
–
p	at org.springframework.aop.interceptor.ExposeInvocationInterceptor.invoke(ExposeInvocationInterceptor.java:93)
 ‰
–
n	at org.springframework.aop.framework.ReflectiveMethodInvocation.proceed(ReflectiveMethodInvocation.java:186)
 ‰
–
]	at org.springframework.aop.framework.JdkDynamicAopProxy.invoke(JdkDynamicAopProxy.java:212)
 ‰
–
=	at com.sun.proxy.$Proxy237.throwCheckedSync(Unknown Source)
 ‰
–
‚	at org.springframework.cache.config.AbstractCacheAnnotationTests.testCheckedThrowableSync(AbstractCacheAnnotationTests.java:355)
 ‰
–
‚	at org.springframework.cache.config.AbstractCacheAnnotationTests.testCheckedExceptionSync(AbstractCacheAnnotationTests.java:759)
 ‰
–
@	at sun.reflect.NativeMethodAccessorImpl.invoke0(Native Method)
 ‰
–
R	at sun.reflect.NativeMethodAccessorImpl.invoke(NativeMethodAccessorImpl.java:62)
 ‰
–
Z	at sun.reflect.DelegatingMethodAccessorImpl.invoke(DelegatingMethodAccessorImpl.java:43)
 ‰
–
5	at java.lang.reflect.Method.invoke(Method.java:498)
 ‰
–
Y	at org.junit.runners.model.FrameworkMethod$1.runReflectiveCall(FrameworkMethod.java:50)
 ‰
–
X	at org.junit.internal.runners.model.ReflectiveCallable.run(ReflectiveCallable.java:12)
 ‰
–
W	at org.junit.runners.model.FrameworkMethod.invokeExplosively(FrameworkMethod.java:47)
 ‰
–
V	at org.junit.internal.runners.statements.InvokeMethod.evaluate(InvokeMethod.java:17)
 ‰
–
R	at org.junit.internal.runners.statements.RunBefores.evaluate(RunBefores.java:26)
 ‰
–
P	at org.junit.internal.runners.statements.RunAfters.evaluate(RunAfters.java:27)
 ‰
–
B	at org.junit.runners.ParentRunner.runLeaf(ParentRunner.java:325)
 ‰
–
V	at org.junit.runners.BlockJUnit4ClassRunner.runChild(BlockJUnit4ClassRunner.java:78)
 ‰
–
V	at org.junit.runners.BlockJUnit4ClassRunner.runChild(BlockJUnit4ClassRunner.java:57)
 ‰
–
@	at org.junit.runners.ParentRunner$3.run(ParentRunner.java:290)
 ‰
–
D	at org.junit.runners.ParentRunner$1.schedule(ParentRunner.java:71)
 ‰
–
F	at org.junit.runners.ParentRunner.runChildren(ParentRunner.java:288)
 ‰
–
D	at org.junit.runners.ParentRunner.access$000(ParentRunner.java:58)
 ‰
–
E	at org.junit.runners.ParentRunner$2.evaluate(ParentRunner.java:268)
 ‰
–
>	at org.junit.runners.ParentRunner.run(ParentRunner.java:363)
 ‰
–
u	at org.gradle.api.internal.tasks.testing.junit.JUnitTestClassExecutor.runTestClass(JUnitTestClassExecutor.java:110)
 ‰
–
o	at org.gradle.api.internal.tasks.testing.junit.JUnitTestClassExecutor.execute(JUnitTestClassExecutor.java:58)
 ‰
–
o	at org.gradle.api.internal.tasks.testing.junit.JUnitTestClassExecutor.execute(JUnitTestClassExecutor.java:38)
 ‰
–
Š	at org.gradle.api.internal.tasks.testing.junit.AbstractJUnitTestClassProcessor.processTestClass(AbstractJUnitTestClassProcessor.java:62)
 ‰
–
t	at org.gradle.api.internal.tasks.testing.SuiteTestClassProcessor.processTestClass(SuiteTestClassProcessor.java:51)
 ‰
–
A	at sun.reflect.GeneratedMethodAccessor54.invoke(Unknown Source)
 ‰
–
Z	at sun.reflect.DelegatingMethodAccessorImpl.invoke(DelegatingMethodAccessorImpl.java:43)
 ‰
–
5	at java.lang.reflect.Method.invoke(Method.java:498)
 ‰
–
Y	at org.gradle.internal.dispatch.ReflectionDispatch.dispatch(ReflectionDispatch.java:36)
 ‰
–
Y	at org.gradle.internal.dispatch.ReflectionDispatch.dispatch(ReflectionDispatch.java:24)
 ‰
–
i	at org.gradle.internal.dispatch.ContextClassLoaderDispatch.dispatch(ContextClassLoaderDispatch.java:33)
 ‰
–
x	at org.gradle.internal.dispatch.ProxyDispatchAdapter$DispatchingInvocationHandler.invoke(ProxyDispatchAdapter.java:94)
 ‰
–
;	at com.sun.proxy.$Proxy2.processTestClass(Unknown Source)
 ‰
–
b	at org.gradle.api.internal.tasks.testing.worker.TestWorker.processTestClass(TestWorker.java:118)
 ‰
–
A	at sun.reflect.GeneratedMethodAccessor53.invoke(Unknown Source)
 ‰
–
Z	at sun.reflect.DelegatingMethodAccessorImpl.invoke(DelegatingMethodAccessorImpl.java:43)
 ‰
–
5	at java.lang.reflect.Method.invoke(Method.java:498)
 ‰
–
Y	at org.gradle.internal.dispatch.ReflectionDispatch.dispatch(ReflectionDispatch.java:36)
 ‰
–
Y	at org.gradle.internal.dispatch.ReflectionDispatch.dispatch(ReflectionDispatch.java:24)
 ‰
–
‘	at org.gradle.internal.remote.internal.hub.MessageHubBackedObjectConnection$DispatchWrapper.dispatch(MessageHubBackedObjectConnection.java:182)
 ‰
–
‘	at org.gradle.internal.remote.internal.hub.MessageHubBackedObjectConnection$DispatchWrapper.dispatch(MessageHubBackedObjectConnection.java:164)
 ‰
–
X	at org.gradle.internal.remote.internal.hub.MessageHub$Handler.run(MessageHub.java:412)
 ‰
–
k	at org.gradle.internal.concurrent.ExecutorPolicy$CatchAndRecordFailures.onExecute(ExecutorPolicy.java:64)
 ‰
–
Z	at org.gradle.internal.concurrent.ManagedExecutorImpl$1.run(ManagedExecutorImpl.java:48)
 ‰
–
T	at java.util.concurrent.ThreadPoolExecutor.runWorker(ThreadPoolExecutor.java:1149)
 ‰
–
T	at java.util.concurrent.ThreadPoolExecutor$Worker.run(ThreadPoolExecutor.java:624)
 ‰
–
j	at org.gradle.internal.concurrent.ThreadFactoryImpl$ManagedThreadRunnable.run(ThreadFactoryImpl.java:56)
 ‰
–
*	at java.lang.Thread.run(Thread.java:748)
 Ë
Í
:java.io.IOException: ef5f7046-173c-44b7-94c9-00cd921c9270
 Ë
Í
~	at org.springframework.cache.config.AnnotatedClassCacheableService.throwCheckedSync(AnnotatedClassCacheableService.java:194)
 Ë
Í
@	at sun.reflect.NativeMethodAccessorImpl.invoke0(Native Method)
 Ë
Í
R	at sun.reflect.NativeMethodAccessorImpl.invoke(NativeMethodAccessorImpl.java:62)
 Ë
Í
Z	at sun.reflect.DelegatingMethodAccessorImpl.invoke(DelegatingMethodAccessorImpl.java:43)
 Ë
Í
5	at java.lang.reflect.Method.invoke(Method.java:498)
 Ë
Í
_	at org.springframework.aop.support.AopUtils.invokeJoinpointUsingReflection(AopUtils.java:343)
 Ë
Í
v	at org.springframework.aop.framework.ReflectiveMethodInvocation.invokeJoinpoint(ReflectiveMethodInvocation.java:198)
 Ë
Í
n	at org.springframework.aop.framework.ReflectiveMethodInvocation.proceed(ReflectiveMethodInvocation.java:163)
 Ë
Í
k	at org.springframework.aop.interceptor.AbstractTraceInterceptor.invoke(AbstractTraceInterceptor.java:134)
 Ë
Í
Z	at org.springframework.aop.interceptor.DebugInterceptor.invoke(DebugInterceptor.java:63)
 Ë
Í
n	at org.springframework.aop.framework.ReflectiveMethodInvocation.proceed(ReflectiveMethodInvocation.java:186)
 Ë
Í
e	at org.springframework.cache.interceptor.CacheInterceptor.lambda$invoke$0(CacheInterceptor.java:53)
 Ë
Í
b	at org.springframework.cache.interceptor.CacheAspectSupport.execute(CacheAspectSupport.java:352)
 Ë
Í
\	at org.springframework.cache.interceptor.CacheInterceptor.invoke(CacheInterceptor.java:61)
 Ë
Í
n	at org.springframework.aop.framework.ReflectiveMethodInvocation.proceed(ReflectiveMethodInvocation.java:186)
 Ë
Í
p	at org.springframework.aop.interceptor.ExposeInvocationInterceptor.invoke(ExposeInvocationInterceptor.java:93)
 Ë
Í
n	at org.springframework.aop.framework.ReflectiveMethodInvocation.proceed(ReflectiveMethodInvocation.java:186)
 Ë
Í
]	at org.springframework.aop.framework.JdkDynamicAopProxy.invoke(JdkDynamicAopProxy.java:212)
 Ë
Í
=	at com.sun.proxy.$Proxy237.throwCheckedSync(Unknown Source)
 Ë
Í
‚	at org.springframework.cache.config.AbstractCacheAnnotationTests.testCheckedThrowableSync(AbstractCacheAnnotationTests.java:355)
 Ë
Í
‡	at org.springframework.cache.config.AbstractCacheAnnotationTests.testClassCheckedExceptionSync(AbstractCacheAnnotationTests.java:764)
 Ë
Í
@	at sun.reflect.NativeMethodAccessorImpl.invoke0(Native Method)
 Ë
Í
R	at sun.reflect.NativeMethodAccessorImpl.invoke(NativeMethodAccessorImpl.java:62)
 Ë
Í
Z	at sun.reflect.DelegatingMethodAccessorImpl.invoke(DelegatingMethodAccessorImpl.java:43)
 Ë
Í
5	at java.lang.reflect.Method.invoke(Method.java:498)
 Ë
Í
Y	at org.junit.runners.model.FrameworkMethod$1.runReflectiveCall(FrameworkMethod.java:50)
 Ë
Í
X	at org.junit.internal.runners.model.ReflectiveCallable.run(ReflectiveCallable.java:12)
 Ë
Í
W	at org.junit.runners.model.FrameworkMethod.invokeExplosively(FrameworkMethod.java:47)
 Ë
Í
V	at org.junit.internal.runners.statements.InvokeMethod.evaluate(InvokeMethod.java:17)
 Ë
Í
R	at org.junit.internal.runners.statements.RunBefores.evaluate(RunBefores.java:26)
 Ë
Í
P	at org.junit.internal.runners.statements.RunAfters.evaluate(RunAfters.java:27)
 Ë
Í
B	at org.junit.runners.ParentRunner.runLeaf(ParentRunner.java:325)
 Ë
Í
V	at org.junit.runners.BlockJUnit4ClassRunner.runChild(BlockJUnit4ClassRunner.java:78)
 Ë
Í
V	at org.junit.runners.BlockJUnit4ClassRunner.runChild(BlockJUnit4ClassRunner.java:57)
 Ë
Í
@	at org.junit.runners.ParentRunner$3.run(ParentRunner.java:290)
 Ë
Í
D	at org.junit.runners.ParentRunner$1.schedule(ParentRunner.java:71)
 Ë
Í
F	at org.junit.runners.ParentRunner.runChildren(ParentRunner.java:288)
 Ë
Í
D	at org.junit.runners.ParentRunner.access$000(ParentRunner.java:58)
 Ë
Í
E	at org.junit.runners.ParentRunner$2.evaluate(ParentRunner.java:268)
 Ë
Í
>	at org.junit.runners.ParentRunner.run(ParentRunner.java:363)
 Ë
Í
u	at org.gradle.api.internal.tasks.testing.junit.JUnitTestClassExecutor.runTestClass(JUnitTestClassExecutor.java:110)
 Ë
Í
o	at org.gradle.api.internal.tasks.testing.junit.JUnitTestClassExecutor.execute(JUnitTestClassExecutor.java:58)
 Ë
Í
o	at org.gradle.api.internal.tasks.testing.junit.JUnitTestClassExecutor.execute(JUnitTestClassExecutor.java:38)
 Ë
Í
Š	at org.gradle.api.internal.tasks.testing.junit.AbstractJUnitTestClassProcessor.processTestClass(AbstractJUnitTestClassProcessor.java:62)
 Ë
Í
t	at org.gradle.api.internal.tasks.testing.SuiteTestClassProcessor.processTestClass(SuiteTestClassProcessor.java:51)
 Ë
Í
A	at sun.reflect.GeneratedMethodAccessor54.invoke(Unknown Source)
 Ë
Í
Z	at sun.reflect.DelegatingMethodAccessorImpl.invoke(DelegatingMethodAccessorImpl.java:43)
 Ë
Í
5	at java.lang.reflect.Method.invoke(Method.java:498)
 Ë
Í
Y	at org.gradle.internal.dispatch.ReflectionDispatch.dispatch(ReflectionDispatch.java:36)
 Ë
Í
Y	at org.gradle.internal.dispatch.ReflectionDispatch.dispatch(ReflectionDispatch.java:24)
 Ë
Í
i	at org.gradle.internal.dispatch.ContextClassLoaderDispatch.dispatch(ContextClassLoaderDispatch.java:33)
 Ë
Í
x	at org.gradle.internal.dispatch.ProxyDispatchAdapter$DispatchingInvocationHandler.invoke(ProxyDispatchAdapter.java:94)
 Ë
Í
;	at com.sun.proxy.$Proxy2.processTestClass(Unknown Source)
 Ë
Í
b	at org.gradle.api.internal.tasks.testing.worker.TestWorker.processTestClass(TestWorker.java:118)
 Ë
Í
A	at sun.reflect.GeneratedMethodAccessor53.invoke(Unknown Source)
 Ë
Í
Z	at sun.reflect.DelegatingMethodAccessorImpl.invoke(DelegatingMethodAccessorImpl.java:43)
 Ë
Í
5	at java.lang.reflect.Method.invoke(Method.java:498)
 Ë
Í
Y	at org.gradle.internal.dispatch.ReflectionDispatch.dispatch(ReflectionDispatch.java:36)
 Ë
Í
Y	at org.gradle.internal.dispatch.ReflectionDispatch.dispatch(ReflectionDispatch.java:24)
 Ë
Í
‘	at org.gradle.internal.remote.internal.hub.MessageHubBackedObjectConnection$DispatchWrapper.dispatch(MessageHubBackedObjectConnection.java:182)
 Ë
Í
‘	at org.gradle.internal.remote.internal.hub.MessageHubBackedObjectConnection$DispatchWrapper.dispatch(MessageHubBackedObjectConnection.java:164)
 Ë
Í
X	at org.gradle.internal.remote.internal.hub.MessageHub$Handler.run(MessageHub.java:412)
 Ë
Í
k	at org.gradle.internal.concurrent.ExecutorPolicy$CatchAndRecordFailures.onExecute(ExecutorPolicy.java:64)
 Ë
Í
Z	at org.gradle.internal.concurrent.ManagedExecutorImpl$1.run(ManagedExecutorImpl.java:48)
 Ë
Í
T	at java.util.concurrent.ThreadPoolExecutor.runWorker(ThreadPoolExecutor.java:1149)
 Ë
Í
T	at java.util.concurrent.ThreadPoolExecutor$Worker.run(ThreadPoolExecutor.java:624)
 Ë
Í
j	at org.gradle.internal.concurrent.ThreadFactoryImpl$ManagedThreadRunnable.run(ThreadFactoryImpl.java:56)
 Ë
Í
*	at java.lang.Thread.run(Thread.java:748)
 Ë
Ù
:java.io.IOException: bf7f5d21-f80a-4775-b3af-713b33806982
 Ë
Ù
p	at org.springframework.cache.config.DefaultCacheableService.throwCheckedSync(DefaultCacheableService.java:203)
 Ë
Ù
o	at org.springframework.cache.config.DefaultCacheableService.throwCheckedSync(DefaultCacheableService.java:34)
 Ë
Ù
@	at sun.reflect.NativeMethodAccessorImpl.invoke0(Native Method)
 Ë
Ù
R	at sun.reflect.NativeMethodAccessorImpl.invoke(NativeMethodAccessorImpl.java:62)
 Ë
Ù
Z	at sun.reflect.DelegatingMethodAccessorImpl.invoke(DelegatingMethodAccessorImpl.java:43)
 Ë
Ù
5	at java.lang.reflect.Method.invoke(Method.java:498)
 Ë
Ù
_	at org.springframework.aop.support.AopUtils.invokeJoinpointUsingReflection(AopUtils.java:343)
 Ë
Ù
v	at org.springframework.aop.framework.ReflectiveMethodInvocation.invokeJoinpoint(ReflectiveMethodInvocation.java:198)
 Ë
Ù
n	at org.springframework.aop.framework.ReflectiveMethodInvocation.proceed(ReflectiveMethodInvocation.java:163)
 Ë
Ù
k	at org.springframework.aop.interceptor.AbstractTraceInterceptor.invoke(AbstractTraceInterceptor.java:134)
 Ë
Ù
Z	at org.springframework.aop.interceptor.DebugInterceptor.invoke(DebugInterceptor.java:63)
 Ë
Ù
n	at org.springframework.aop.framework.ReflectiveMethodInvocation.proceed(ReflectiveMethodInvocation.java:186)
 Ë
Ù
e	at org.springframework.cache.interceptor.CacheInterceptor.lambda$invoke$0(CacheInterceptor.java:53)
 Ë
Ù
b	at org.springframework.cache.interceptor.CacheAspectSupport.execute(CacheAspectSupport.java:352)
 Ë
Ù
\	at org.springframework.cache.interceptor.CacheInterceptor.invoke(CacheInterceptor.java:61)
 Ë
Ù
n	at org.springframework.aop.framework.ReflectiveMethodInvocation.proceed(ReflectiveMethodInvocation.java:186)
 Ë
Ù
p	at org.springframework.aop.interceptor.ExposeInvocationInterceptor.invoke(ExposeInvocationInterceptor.java:93)
 Ë
Ù
n	at org.springframework.aop.framework.ReflectiveMethodInvocation.proceed(ReflectiveMethodInvocation.java:186)
 Ë
Ù
]	at org.springframework.aop.framework.JdkDynamicAopProxy.invoke(JdkDynamicAopProxy.java:212)
 Ë
Ù
=	at com.sun.proxy.$Proxy237.throwCheckedSync(Unknown Source)
 Ë
Ù
‚	at org.springframework.cache.config.AbstractCacheAnnotationTests.testCheckedThrowableSync(AbstractCacheAnnotationTests.java:355)
 Ë
Ù
‚	at org.springframework.cache.config.AbstractCacheAnnotationTests.testCheckedExceptionSync(AbstractCacheAnnotationTests.java:759)
 Ë
Ù
@	at sun.reflect.NativeMethodAccessorImpl.invoke0(Native Method)
 Ë
Ù
R	at sun.reflect.NativeMethodAccessorImpl.invoke(NativeMethodAccessorImpl.java:62)
 Ë
Ù
Z	at sun.reflect.DelegatingMethodAccessorImpl.invoke(DelegatingMethodAccessorImpl.java:43)
 Ë
Ù
5	at java.lang.reflect.Method.invoke(Method.java:498)
 Ë
Ù
Y	at org.junit.runners.model.FrameworkMethod$1.runReflectiveCall(FrameworkMethod.java:50)
 Ë
Ù
X	at org.junit.internal.runners.model.ReflectiveCallable.run(ReflectiveCallable.java:12)
 Ë
Ù
W	at org.junit.runners.model.FrameworkMethod.invokeExplosively(FrameworkMethod.java:47)
 Ë
Ù
V	at org.junit.internal.runners.statements.InvokeMethod.evaluate(InvokeMethod.java:17)
 Ë
Ù
R	at org.junit.internal.runners.statements.RunBefores.evaluate(RunBefores.java:26)
 Ë
Ù
P	at org.junit.internal.runners.statements.RunAfters.evaluate(RunAfters.java:27)
 Ë
Ù
B	at org.junit.runners.ParentRunner.runLeaf(ParentRunner.java:325)
 Ë
Ù
V	at org.junit.runners.BlockJUnit4ClassRunner.runChild(BlockJUnit4ClassRunner.java:78)
 Ë
Ù
V	at org.junit.runners.BlockJUnit4ClassRunner.runChild(BlockJUnit4ClassRunner.java:57)
 Ë
Ù
@	at org.junit.runners.ParentRunner$3.run(ParentRunner.java:290)
 Ë
Ù
D	at org.junit.runners.ParentRunner$1.schedule(ParentRunner.java:71)
 Ë
Ù
F	at org.junit.runners.ParentRunner.runChildren(ParentRunner.java:288)
 Ë
Ù
D	at org.junit.runners.ParentRunner.access$000(ParentRunner.java:58)
 Ë
Ù
E	at org.junit.runners.ParentRunner$2.evaluate(ParentRunner.java:268)
 Ë
Ù
>	at org.junit.runners.ParentRunner.run(ParentRunner.java:363)
 Ë
Ù
u	at org.gradle.api.internal.tasks.testing.junit.JUnitTestClassExecutor.runTestClass(JUnitTestClassExecutor.java:110)
 Ë
Ù
o	at org.gradle.api.internal.tasks.testing.junit.JUnitTestClassExecutor.execute(JUnitTestClassExecutor.java:58)
 Ë
Ù
o	at org.gradle.api.internal.tasks.testing.junit.JUnitTestClassExecutor.execute(JUnitTestClassExecutor.java:38)
 Ë
Ù
Š	at org.gradle.api.internal.tasks.testing.junit.AbstractJUnitTestClassProcessor.processTestClass(AbstractJUnitTestClassProcessor.java:62)
 Ë
Ù
t	at org.gradle.api.internal.tasks.testing.SuiteTestClassProcessor.processTestClass(SuiteTestClassProcessor.java:51)
 Ë
Ù
A	at sun.reflect.GeneratedMethodAccessor54.invoke(Unknown Source)
 Ë
Ù
Z	at sun.reflect.DelegatingMethodAccessorImpl.invoke(DelegatingMethodAccessorImpl.java:43)
 Ë
Ù
5	at java.lang.reflect.Method.invoke(Method.java:498)
 Ë
Ù
Y	at org.gradle.internal.dispatch.ReflectionDispatch.dispatch(ReflectionDispatch.java:36)
 Ë
Ù
Y	at org.gradle.internal.dispatch.ReflectionDispatch.dispatch(ReflectionDispatch.java:24)
 Ë
Ù
i	at org.gradle.internal.dispatch.ContextClassLoaderDispatch.dispatch(ContextClassLoaderDispatch.java:33)
 Ë
Ù
x	at org.gradle.internal.dispatch.ProxyDispatchAdapter$DispatchingInvocationHandler.invoke(ProxyDispatchAdapter.java:94)
 Ë
Ù
;	at com.sun.proxy.$Proxy2.processTestClass(Unknown Source)
 Ë
Ù
b	at org.gradle.api.internal.tasks.testing.worker.TestWorker.processTestClass(TestWorker.java:118)
 Ë
Ù
A	at sun.reflect.GeneratedMethodAccessor53.invoke(Unknown Source)
 Ë
Ù
Z	at sun.reflect.DelegatingMethodAccessorImpl.invoke(DelegatingMethodAccessorImpl.java:43)
 Ë
Ù
5	at java.lang.reflect.Method.invoke(Method.java:498)
 Ë
Ù
Y	at org.gradle.internal.dispatch.ReflectionDispatch.dispatch(ReflectionDispatch.java:36)
 Ë
Ù
Y	at org.gradle.internal.dispatch.ReflectionDispatch.dispatch(ReflectionDispatch.java:24)
 Ë
Ù
‘	at org.gradle.internal.remote.internal.hub.MessageHubBackedObjectConnection$DispatchWrapper.dispatch(MessageHubBackedObjectConnection.java:182)
 Ë
Ù
‘	at org.gradle.internal.remote.internal.hub.MessageHubBackedObjectConnection$DispatchWrapper.dispatch(MessageHubBackedObjectConnection.java:164)
 Ë
Ù
X	at org.gradle.internal.remote.internal.hub.MessageHub$Handler.run(MessageHub.java:412)
 Ë
Ù
k	at org.gradle.internal.concurrent.ExecutorPolicy$CatchAndRecordFailures.onExecute(ExecutorPolicy.java:64)
 Ë
Ù
Z	at org.gradle.internal.concurrent.ManagedExecutorImpl$1.run(ManagedExecutorImpl.java:48)
 Ë
Ù
T	at java.util.concurrent.ThreadPoolExecutor.runWorker(ThreadPoolExecutor.java:1149)
 Ë
Ù
T	at java.util.concurrent.ThreadPoolExecutor$Worker.run(ThreadPoolExecutor.java:624)
 Ë
Ù
j	at org.gradle.internal.concurrent.ThreadFactoryImpl$ManagedThreadRunnable.run(ThreadFactoryImpl.java:56)
 Ë
Ù
*	at java.lang.Thread.run(Thread.java:748)
ˆŽ22:55:17.203 [Test worker] WARN  o.s.c.a.AnnotationConfigApplicationContext - Exception encountered during context initialization - cancelling refresh attempt: org.springframework.beans.factory.BeanCreationException: Error creating bean with name 'enableCachingTests.MultiCacheManagerConfigurer': Initialization of bean failed; nested exception is org.springframework.beans.factory.BeanCreationException: Error creating bean with name 'org.springframework.cache.annotation.ProxyCachingConfiguration': Injection of autowired dependencies failed; nested exception is java.lang.IllegalStateException: 2 implementations of CachingConfigurer were found when only 1 was expected. Refactor the configuration such that CachingConfigurer is implemented only once or not at all.
 ˆ’:java.io.IOException: deb5a85f-2a9c-48fc-aad7-86d5f6091fcb
 ˆ’~	at org.springframework.cache.config.AnnotatedClassCacheableService.throwCheckedSync(AnnotatedClassCacheableService.java:194)
 ˆ’@	at sun.reflect.NativeMethodAccessorImpl.invoke0(Native Method)
 ˆ’R	at sun.reflect.NativeMethodAccessorImpl.invoke(NativeMethodAccessorImpl.java:62)
 ˆ’Z	at sun.reflect.DelegatingMethodAccessorImpl.invoke(DelegatingMethodAccessorImpl.java:43)
 ˆ’5	at java.lang.reflect.Method.invoke(Method.java:498)
 ˆ’_	at org.springframework.aop.support.AopUtils.invokeJoinpointUsingReflection(AopUtils.java:343)
 ˆ’v	at org.springframework.aop.framework.ReflectiveMethodInvocation.invokeJoinpoint(ReflectiveMethodInvocation.java:198)
 ˆ’n	at org.springframework.aop.framework.ReflectiveMethodInvocation.proceed(ReflectiveMethodInvocation.java:163)
 ˆ’e	at org.springframework.cache.interceptor.CacheInterceptor.lambda$invoke$0(CacheInterceptor.java:53)
 ˆ’j	at org.springframework.cache.interceptor.CacheAspectSupport.invokeOperation(CacheAspectSupport.java:366)
 ˆ’k	at org.springframework.cache.interceptor.CacheAspectSupport.lambda$execute$1(CacheAspectSupport.java:382)
 ˆ’f	at org.springframework.cache.concurrent.ConcurrentMapCache.lambda$get$0(ConcurrentMapCache.java:146)
 ˆ’X	at java.util.concurrent.ConcurrentHashMap.computeIfAbsent(ConcurrentHashMap.java:1660)
 ˆ’]	at org.springframework.cache.concurrent.ConcurrentMapCache.get(ConcurrentMapCache.java:144)
 ˆ’b	at org.springframework.cache.interceptor.CacheAspectSupport.execute(CacheAspectSupport.java:382)
 ˆ’b	at org.springframework.cache.interceptor.CacheAspectSupport.execute(CacheAspectSupport.java:346)
 ˆ’\	at org.springframework.cache.interceptor.CacheInterceptor.invoke(CacheInterceptor.java:61)
 ˆ’n	at org.springframework.aop.framework.ReflectiveMethodInvocation.proceed(ReflectiveMethodInvocation.java:186)
 ˆ’]	at org.springframework.aop.framework.JdkDynamicAopProxy.invoke(JdkDynamicAopProxy.java:212)
 ˆ’=	at com.sun.proxy.$Proxy237.throwCheckedSync(Unknown Source)
 ˆ’‚	at org.springframework.cache.config.AbstractCacheAnnotationTests.testCheckedThrowableSync(AbstractCacheAnnotationTests.java:355)
 ˆ’‡	at org.springframework.cache.config.AbstractCacheAnnotationTests.testClassCheckedExceptionSync(AbstractCacheAnnotationTests.java:764)
 ˆ’@	at sun.reflect.NativeMethodAccessorImpl.invoke0(Native Method)
 ˆ’R	at sun.reflect.NativeMethodAccessorImpl.invoke(NativeMethodAccessorImpl.java:62)
 ˆ’Z	at sun.reflect.DelegatingMethodAccessorImpl.invoke(DelegatingMethodAccessorImpl.java:43)
 ˆ’5	at java.lang.reflect.Method.invoke(Method.java:498)
 ˆ’Y	at org.junit.runners.model.FrameworkMethod$1.runReflectiveCall(FrameworkMethod.java:50)
 ˆ’X	at org.junit.internal.runners.model.ReflectiveCallable.run(ReflectiveCallable.java:12)
 ˆ’W	at org.junit.runners.model.FrameworkMethod.invokeExplosively(FrameworkMethod.java:47)
 ˆ’V	at org.junit.internal.runners.statements.InvokeMethod.evaluate(InvokeMethod.java:17)
 ˆ’R	at org.junit.internal.runners.statements.RunBefores.evaluate(RunBefores.java:26)
 ˆ’P	at org.junit.internal.runners.statements.RunAfters.evaluate(RunAfters.java:27)
 ˆ’B	at org.junit.runners.ParentRunner.runLeaf(ParentRunner.java:325)
 ˆ’V	at org.junit.runners.BlockJUnit4ClassRunner.runChild(BlockJUnit4ClassRunner.java:78)
 ˆ’V	at org.junit.runners.BlockJUnit4ClassRunner.runChild(BlockJUnit4ClassRunner.java:57)
 ˆ’@	at org.junit.runners.ParentRunner$3.run(ParentRunner.java:290)
 ˆ’D	at org.junit.runners.ParentRunner$1.schedule(ParentRunner.java:71)
 ˆ’F	at org.junit.runners.ParentRunner.runChildren(ParentRunner.java:288)
 ˆ’D	at org.junit.runners.ParentRunner.access$000(ParentRunner.java:58)
 ˆ’E	at org.junit.runners.ParentRunner$2.evaluate(ParentRunner.java:268)
 ˆ’>	at org.junit.runners.ParentRunner.run(ParentRunner.java:363)
 ˆ’u	at org.gradle.api.internal.tasks.testing.junit.JUnitTestClassExecutor.runTestClass(JUnitTestClassExecutor.java:110)
 ˆ’o	at org.gradle.api.internal.tasks.testing.junit.JUnitTestClassExecutor.execute(JUnitTestClassExecutor.java:58)
 ˆ’o	at org.gradle.api.internal.tasks.testing.junit.JUnitTestClassExecutor.execute(JUnitTestClassExecutor.java:38)
 ˆ’Š	at org.gradle.api.internal.tasks.testing.junit.AbstractJUnitTestClassProcessor.processTestClass(AbstractJUnitTestClassProcessor.java:62)
 ˆ’t	at org.gradle.api.internal.tasks.testing.SuiteTestClassProcessor.processTestClass(SuiteTestClassProcessor.java:51)
 ˆ’A	at sun.reflect.GeneratedMethodAccessor54.invoke(Unknown Source)
 ˆ’Z	at sun.reflect.DelegatingMethodAccessorImpl.invoke(DelegatingMethodAccessorImpl.java:43)
 ˆ’5	at java.lang.reflect.Method.invoke(Method.java:498)
 ˆ’Y	at org.gradle.internal.dispatch.ReflectionDispatch.dispatch(ReflectionDispatch.java:36)
 ˆ’Y	at org.gradle.internal.dispatch.ReflectionDispatch.dispatch(ReflectionDispatch.java:24)
 ˆ’i	at org.gradle.internal.dispatch.ContextClassLoaderDispatch.dispatch(ContextClassLoaderDispatch.java:33)
 ˆ’x	at org.gradle.internal.dispatch.ProxyDispatchAdapter$DispatchingInvocationHandler.invoke(ProxyDispatchAdapter.java:94)
 ˆ’;	at com.sun.proxy.$Proxy2.processTestClass(Unknown Source)
 ˆ’b	at org.gradle.api.internal.tasks.testing.worker.TestWorker.processTestClass(TestWorker.java:118)
 ˆ’A	at sun.reflect.GeneratedMethodAccessor53.invoke(Unknown Source)
 ˆ’Z	at sun.reflect.DelegatingMethodAccessorImpl.invoke(DelegatingMethodAccessorImpl.java:43)
 ˆ’5	at java.lang.reflect.Method.invoke(Method.java:498)
 ˆ’Y	at org.gradle.internal.dispatch.ReflectionDispatch.dispatch(ReflectionDispatch.java:36)
 ˆ’Y	at org.gradle.internal.dispatch.ReflectionDispatch.dispatch(ReflectionDispatch.java:24)
 ˆ’‘	at org.gradle.internal.remote.internal.hub.MessageHubBackedObjectConnection$DispatchWrapper.dispatch(MessageHubBackedObjectConnection.java:182)
 ˆ’‘	at org.gradle.internal.remote.internal.hub.MessageHubBackedObjectConnection$DispatchWrapper.dispatch(MessageHubBackedObjectConnection.java:164)
 ˆ’X	at org.gradle.internal.remote.internal.hub.MessageHub$Handler.run(MessageHub.java:412)
 ˆ’k	at org.gradle.internal.concurrent.ExecutorPolicy$CatchAndRecordFailures.onExecute(ExecutorPolicy.java:64)
 ˆ’Z	at org.gradle.internal.concurrent.ManagedExecutorImpl$1.run(ManagedExecutorImpl.java:48)
 ˆ’T	at java.util.concurrent.ThreadPoolExecutor.runWorker(ThreadPoolExecutor.java:1149)
 ˆ’T	at java.util.concurrent.ThreadPoolExecutor$Worker.run(ThreadPoolExecutor.java:624)
 ˆ’j	at org.gradle.internal.concurrent.ThreadFactoryImpl$ManagedThreadRunnable.run(ThreadFactoryImpl.java:56)
 ˆ’*	at java.lang.Thread.run(Thread.java:748)
 ˆž:java.io.IOException: 05eaefa1-a97d-49c7-be42-57ffc089671c
 ˆžp	at org.springframework.cache.config.DefaultCacheableService.throwCheckedSync(DefaultCacheableService.java:203)
 ˆžo	at org.springframework.cache.config.DefaultCacheableService.throwCheckedSync(DefaultCacheableService.java:34)
 ˆž@	at sun.reflect.NativeMethodAccessorImpl.invoke0(Native Method)
 ˆžR	at sun.reflect.NativeMethodAccessorImpl.invoke(NativeMethodAccessorImpl.java:62)
 ˆžZ	at sun.reflect.DelegatingMethodAccessorImpl.invoke(DelegatingMethodAccessorImpl.java:43)
 ˆž5	at java.lang.reflect.Method.invoke(Method.java:498)
 ˆž_	at org.springframework.aop.support.AopUtils.invokeJoinpointUsingReflection(AopUtils.java:343)
 ˆžv	at org.springframework.aop.framework.ReflectiveMethodInvocation.invokeJoinpoint(ReflectiveMethodInvocation.java:198)
 ˆžn	at org.springframework.aop.framework.ReflectiveMethodInvocation.proceed(ReflectiveMethodInvocation.java:163)
 ˆže	at org.springframework.cache.interceptor.CacheInterceptor.lambda$invoke$0(CacheInterceptor.java:53)
 ˆžj	at org.springframework.cache.interceptor.CacheAspectSupport.invokeOperation(CacheAspectSupport.java:366)
 ˆžk	at org.springframework.cache.interceptor.CacheAspectSupport.lambda$execute$1(CacheAspectSupport.java:382)
 ˆžf	at org.springframework.cache.concurrent.ConcurrentMapCache.lambda$get$0(ConcurrentMapCache.java:146)
 ˆžX	at java.util.concurrent.ConcurrentHashMap.computeIfAbsent(ConcurrentHashMap.java:1660)
 ˆž]	at org.springframework.cache.concurrent.ConcurrentMapCache.get(ConcurrentMapCache.java:144)
 ˆžb	at org.springframework.cache.interceptor.CacheAspectSupport.execute(CacheAspectSupport.java:382)
 ˆžb	at org.springframework.cache.interceptor.CacheAspectSupport.execute(CacheAspectSupport.java:346)
 ˆž\	at org.springframework.cache.interceptor.CacheInterceptor.invoke(CacheInterceptor.java:61)
 ˆžn	at org.springframework.aop.framework.ReflectiveMethodInvocation.proceed(ReflectiveMethodInvocation.java:186)
 ˆž]	at org.springframework.aop.framework.JdkDynamicAopProxy.invoke(JdkDynamicAopProxy.java:212)
 ˆž=	at com.sun.proxy.$Proxy237.throwCheckedSync(Unknown Source)
 ˆž‚	at org.springframework.cache.config.AbstractCacheAnnotationTests.testCheckedThrowableSync(AbstractCacheAnnotationTests.java:355)
 ˆž‚	at org.springframework.cache.config.AbstractCacheAnnotationTests.testCheckedExceptionSync(AbstractCacheAnnotationTests.java:759)
 ˆž@	at sun.reflect.NativeMethodAccessorImpl.invoke0(Native Method)
 ˆžR	at sun.reflect.NativeMethodAccessorImpl.invoke(NativeMethodAccessorImpl.java:62)
 ˆžZ	at sun.reflect.DelegatingMethodAccessorImpl.invoke(DelegatingMethodAccessorImpl.java:43)
 ˆž5	at java.lang.reflect.Method.invoke(Method.java:498)
 ˆžY	at org.junit.runners.model.FrameworkMethod$1.runReflectiveCall(FrameworkMethod.java:50)
 ˆžX	at org.junit.internal.runners.model.ReflectiveCallable.run(ReflectiveCallable.java:12)
 ˆžW	at org.junit.runners.model.FrameworkMethod.invokeExplosively(FrameworkMethod.java:47)
 ˆžV	at org.junit.internal.runners.statements.InvokeMethod.evaluate(InvokeMethod.java:17)
 ˆžR	at org.junit.internal.runners.statements.RunBefores.evaluate(RunBefores.java:26)
 ˆžP	at org.junit.internal.runners.statements.RunAfters.evaluate(RunAfters.java:27)
 ˆžB	at org.junit.runners.ParentRunner.runLeaf(ParentRunner.java:325)
 ˆžV	at org.junit.runners.BlockJUnit4ClassRunner.runChild(BlockJUnit4ClassRunner.java:78)
 ˆžV	at org.junit.runners.BlockJUnit4ClassRunner.runChild(BlockJUnit4ClassRunner.java:57)
 ˆž@	at org.junit.runners.ParentRunner$3.run(ParentRunner.java:290)
 ˆžD	at org.junit.runners.ParentRunner$1.schedule(ParentRunner.java:71)
 ˆžF	at org.junit.runners.ParentRunner.runChildren(ParentRunner.java:288)
 ˆžD	at org.junit.runners.ParentRunner.access$000(ParentRunner.java:58)
 ˆžE	at org.junit.runners.ParentRunner$2.evaluate(ParentRunner.java:268)
 ˆž>	at org.junit.runners.ParentRunner.run(ParentRunner.java:363)
 ˆžu	at org.gradle.api.internal.tasks.testing.junit.JUnitTestClassExecutor.runTestClass(JUnitTestClassExecutor.java:110)
 ˆžo	at org.gradle.api.internal.tasks.testing.junit.JUnitTestClassExecutor.execute(JUnitTestClassExecutor.java:58)
 ˆžo	at org.gradle.api.internal.tasks.testing.junit.JUnitTestClassExecutor.execute(JUnitTestClassExecutor.java:38)
 ˆžŠ	at org.gradle.api.internal.tasks.testing.junit.AbstractJUnitTestClassProcessor.processTestClass(AbstractJUnitTestClassProcessor.java:62)
 ˆžt	at org.gradle.api.internal.tasks.testing.SuiteTestClassProcessor.processTestClass(SuiteTestClassProcessor.java:51)
 ˆžA	at sun.reflect.GeneratedMethodAccessor54.invoke(Unknown Source)
 ˆžZ	at sun.reflect.DelegatingMethodAccessorImpl.invoke(DelegatingMethodAccessorImpl.java:43)
 ˆž5	at java.lang.reflect.Method.invoke(Method.java:498)
 ˆžY	at org.gradle.internal.dispatch.ReflectionDispatch.dispatch(ReflectionDispatch.java:36)
 ˆžY	at org.gradle.internal.dispatch.ReflectionDispatch.dispatch(ReflectionDispatch.java:24)
 ˆži	at org.gradle.internal.dispatch.ContextClassLoaderDispatch.dispatch(ContextClassLoaderDispatch.java:33)
 ˆžx	at org.gradle.internal.dispatch.ProxyDispatchAdapter$DispatchingInvocationHandler.invoke(ProxyDispatchAdapter.java:94)
 ˆž;	at com.sun.proxy.$Proxy2.processTestClass(Unknown Source)
 ˆžb	at org.gradle.api.internal.tasks.testing.worker.TestWorker.processTestClass(TestWorker.java:118)
 ˆžA	at sun.reflect.GeneratedMethodAccessor53.invoke(Unknown Source)
 ˆžZ	at sun.reflect.DelegatingMethodAccessorImpl.invoke(DelegatingMethodAccessorImpl.java:43)
 ˆž5	at java.lang.reflect.Method.invoke(Method.java:498)
 ˆžY	at org.gradle.internal.dispatch.ReflectionDispatch.dispatch(ReflectionDispatch.java:36)
 ˆžY	at org.gradle.internal.dispatch.ReflectionDispatch.dispatch(ReflectionDispatch.java:24)
 ˆž‘	at org.gradle.internal.remote.internal.hub.MessageHubBackedObjectConnection$DispatchWrapper.dispatch(MessageHubBackedObjectConnection.java:182)
 ˆž‘	at org.gradle.internal.remote.internal.hub.MessageHubBackedObjectConnection$DispatchWrapper.dispatch(MessageHubBackedObjectConnection.java:164)
 ˆžX	at org.gradle.internal.remote.internal.hub.MessageHub$Handler.run(MessageHub.java:412)
 ˆžk	at org.gradle.internal.concurrent.ExecutorPolicy$CatchAndRecordFailures.onExecute(ExecutorPolicy.java:64)
 ˆžZ	at org.gradle.internal.concurrent.ManagedExecutorImpl$1.run(ManagedExecutorImpl.java:48)
 ˆžT	at java.util.concurrent.ThreadPoolExecutor.runWorker(ThreadPoolExecutor.java:1149)
 ˆžT	at java.util.concurrent.ThreadPoolExecutor$Worker.run(ThreadPoolExecutor.java:624)
 ˆžj	at org.gradle.internal.concurrent.ThreadFactoryImpl$ManagedThreadRunnable.run(ThreadFactoryImpl.java:56)
 ˆž*	at java.lang.Thread.run(Thread.java:748)
 ÍÒ:java.io.IOException: faa19b56-bb78-48a4-91f2-709114c62536
 ÍÒ~	at org.springframework.cache.config.AnnotatedClassCacheableService.throwCheckedSync(AnnotatedClassCacheableService.java:194)
 ÍÒ@	at sun.reflect.NativeMethodAccessorImpl.invoke0(Native Method)
 ÍÒR	at sun.reflect.NativeMethodAccessorImpl.invoke(NativeMethodAccessorImpl.java:62)
 ÍÒZ	at sun.reflect.DelegatingMethodAccessorImpl.invoke(DelegatingMethodAccessorImpl.java:43)
 ÍÒ5	at java.lang.reflect.Method.invoke(Method.java:498)
 ÍÒ_	at org.springframework.aop.support.AopUtils.invokeJoinpointUsingReflection(AopUtils.java:343)
 ÍÒv	at org.springframework.aop.framework.ReflectiveMethodInvocation.invokeJoinpoint(ReflectiveMethodInvocation.java:198)
 ÍÒn	at org.springframework.aop.framework.ReflectiveMethodInvocation.proceed(ReflectiveMethodInvocation.java:163)
 ÍÒk	at org.springframework.aop.interceptor.AbstractTraceInterceptor.invoke(AbstractTraceInterceptor.java:134)
 ÍÒZ	at org.springframework.aop.interceptor.DebugInterceptor.invoke(DebugInterceptor.java:63)
 ÍÒn	at org.springframework.aop.framework.ReflectiveMethodInvocation.proceed(ReflectiveMethodInvocation.java:186)
 ÍÒe	at org.springframework.cache.interceptor.CacheInterceptor.lambda$invoke$0(CacheInterceptor.java:53)
 ÍÒj	at org.springframework.cache.interceptor.CacheAspectSupport.invokeOperation(CacheAspectSupport.java:366)
 ÍÒk	at org.springframework.cache.interceptor.CacheAspectSupport.lambda$execute$1(CacheAspectSupport.java:382)
 ÍÒf	at org.springframework.cache.concurrent.ConcurrentMapCache.lambda$get$0(ConcurrentMapCache.java:146)
 ÍÒX	at java.util.concurrent.ConcurrentHashMap.computeIfAbsent(ConcurrentHashMap.java:1660)
 ÍÒ]	at org.springframework.cache.concurrent.ConcurrentMapCache.get(ConcurrentMapCache.java:144)
 ÍÒb	at org.springframework.cache.interceptor.CacheAspectSupport.execute(CacheAspectSupport.java:382)
 ÍÒb	at org.springframework.cache.interceptor.CacheAspectSupport.execute(CacheAspectSupport.java:346)
 ÍÒ\	at org.springframework.cache.interceptor.CacheInterceptor.invoke(CacheInterceptor.java:61)
 ÍÒn	at org.springframework.aop.framework.ReflectiveMethodInvocation.proceed(ReflectiveMethodInvocation.java:186)
 ÍÒp	at org.springframework.aop.interceptor.ExposeInvocationInterceptor.invoke(ExposeInvocationInterceptor.java:93)
 ÍÒn	at org.springframework.aop.framework.ReflectiveMethodInvocation.proceed(ReflectiveMethodInvocation.java:186)
 ÍÒ]	at org.springframework.aop.framework.JdkDynamicAopProxy.invoke(JdkDynamicAopProxy.java:212)
 ÍÒ=	at com.sun.proxy.$Proxy237.throwCheckedSync(Unknown Source)
 ÍÒ‚	at org.springframework.cache.config.AbstractCacheAnnotationTests.testCheckedThrowableSync(AbstractCacheAnnotationTests.java:355)
 ÍÒ‡	at org.springframework.cache.config.AbstractCacheAnnotationTests.testClassCheckedExceptionSync(AbstractCacheAnnotationTests.java:764)
 ÍÒ@	at sun.reflect.NativeMethodAccessorImpl.invoke0(Native Method)
 ÍÒR	at sun.reflect.NativeMethodAccessorImpl.invoke(NativeMethodAccessorImpl.java:62)
 ÍÒZ	at sun.reflect.DelegatingMethodAccessorImpl.invoke(DelegatingMethodAccessorImpl.java:43)
 ÍÒ5	at java.lang.reflect.Method.invoke(Method.java:498)
 ÍÒY	at org.junit.runners.model.FrameworkMethod$1.runReflectiveCall(FrameworkMethod.java:50)
 ÍÒX	at org.junit.internal.runners.model.ReflectiveCallable.run(ReflectiveCallable.java:12)
 ÍÒW	at org.junit.runners.model.FrameworkMethod.invokeExplosively(FrameworkMethod.java:47)
 ÍÒV	at org.junit.internal.runners.statements.InvokeMethod.evaluate(InvokeMethod.java:17)
 ÍÒR	at org.junit.internal.runners.statements.RunBefores.evaluate(RunBefores.java:26)
 ÍÒP	at org.junit.internal.runners.statements.RunAfters.evaluate(RunAfters.java:27)
 ÍÒB	at org.junit.runners.ParentRunner.runLeaf(ParentRunner.java:325)
 ÍÒV	at org.junit.runners.BlockJUnit4ClassRunner.runChild(BlockJUnit4ClassRunner.java:78)
 ÍÒV	at org.junit.runners.BlockJUnit4ClassRunner.runChild(BlockJUnit4ClassRunner.java:57)
 ÍÒ@	at org.junit.runners.ParentRunner$3.run(ParentRunner.java:290)
 ÍÒD	at org.junit.runners.ParentRunner$1.schedule(ParentRunner.java:71)
 ÍÒF	at org.junit.runners.ParentRunner.runChildren(ParentRunner.java:288)
 ÍÒD	at org.junit.runners.ParentRunner.access$000(ParentRunner.java:58)
 ÍÒE	at org.junit.runners.ParentRunner$2.evaluate(ParentRunner.java:268)
 ÍÒ>	at org.junit.runners.ParentRunner.run(ParentRunner.java:363)
 ÍÒu	at org.gradle.api.internal.tasks.testing.junit.JUnitTestClassExecutor.runTestClass(JUnitTestClassExecutor.java:110)
 ÍÒo	at org.gradle.api.internal.tasks.testing.junit.JUnitTestClassExecutor.execute(JUnitTestClassExecutor.java:58)
 ÍÒo	at org.gradle.api.internal.tasks.testing.junit.JUnitTestClassExecutor.execute(JUnitTestClassExecutor.java:38)
 ÍÒŠ	at org.gradle.api.internal.tasks.testing.junit.AbstractJUnitTestClassProcessor.processTestClass(AbstractJUnitTestClassProcessor.java:62)
 ÍÒt	at org.gradle.api.internal.tasks.testing.SuiteTestClassProcessor.processTestClass(SuiteTestClassProcessor.java:51)
 ÍÒA	at sun.reflect.GeneratedMethodAccessor54.invoke(Unknown Source)
 ÍÒZ	at sun.reflect.DelegatingMethodAccessorImpl.invoke(DelegatingMethodAccessorImpl.java:43)
 ÍÒ5	at java.lang.reflect.Method.invoke(Method.java:498)
 ÍÒY	at org.gradle.internal.dispatch.ReflectionDispatch.dispatch(ReflectionDispatch.java:36)
 ÍÒY	at org.gradle.internal.dispatch.ReflectionDispatch.dispatch(ReflectionDispatch.java:24)
 ÍÒi	at org.gradle.internal.dispatch.ContextClassLoaderDispatch.dispatch(ContextClassLoaderDispatch.java:33)
 ÍÒx	at org.gradle.internal.dispatch.ProxyDispatchAdapter$DispatchingInvocationHandler.invoke(ProxyDispatchAdapter.java:94)
 ÍÒ;	at com.sun.proxy.$Proxy2.processTestClass(Unknown Source)
 ÍÒb	at org.gradle.api.internal.tasks.testing.worker.TestWorker.processTestClass(TestWorker.java:118)
 ÍÒA	at sun.reflect.GeneratedMethodAccessor53.invoke(Unknown Source)
 ÍÒZ	at sun.reflect.DelegatingMethodAccessorImpl.invoke(DelegatingMethodAccessorImpl.java:43)
 ÍÒ5	at java.lang.reflect.Method.invoke(Method.java:498)
 ÍÒY	at org.gradle.internal.dispatch.ReflectionDispatch.dispatch(ReflectionDispatch.java:36)
 ÍÒY	at org.gradle.internal.dispatch.ReflectionDispatch.dispatch(ReflectionDispatch.java:24)
 ÍÒ‘	at org.gradle.internal.remote.internal.hub.MessageHubBackedObjectConnection$DispatchWrapper.dispatch(MessageHubBackedObjectConnection.java:182)
 ÍÒ‘	at org.gradle.internal.remote.internal.hub.MessageHubBackedObjectConnection$DispatchWrapper.dispatch(MessageHubBackedObjectConnection.java:164)
 ÍÒX	at org.gradle.internal.remote.internal.hub.MessageHub$Handler.run(MessageHub.java:412)
 ÍÒk	at org.gradle.internal.concurrent.ExecutorPolicy$CatchAndRecordFailures.onExecute(ExecutorPolicy.java:64)
 ÍÒZ	at org.gradle.internal.concurrent.ManagedExecutorImpl$1.run(ManagedExecutorImpl.java:48)
 ÍÒT	at java.util.concurrent.ThreadPoolExecutor.runWorker(ThreadPoolExecutor.java:1149)
 ÍÒT	at java.util.concurrent.ThreadPoolExecutor$Worker.run(ThreadPoolExecutor.java:624)
 ÍÒj	at org.gradle.internal.concurrent.ThreadFactoryImpl$ManagedThreadRunnable.run(ThreadFactoryImpl.java:56)
 ÍÒ*	at java.lang.Thread.run(Thread.java:748)
 ÍÞ:java.io.IOException: f8e28ef8-e4fd-49fb-8fa8-fde75595b6eb
 ÍÞp	at org.springframework.cache.config.DefaultCacheableService.throwCheckedSync(DefaultCacheableService.java:203)
 ÍÞo	at org.springframework.cache.config.DefaultCacheableService.throwCheckedSync(DefaultCacheableService.java:34)
 ÍÞ@	at sun.reflect.NativeMethodAccessorImpl.invoke0(Native Method)
 ÍÞR	at sun.reflect.NativeMethodAccessorImpl.invoke(NativeMethodAccessorImpl.java:62)
 ÍÞZ	at sun.reflect.DelegatingMethodAccessorImpl.invoke(DelegatingMethodAccessorImpl.java:43)
 ÍÞ5	at java.lang.reflect.Method.invoke(Method.java:498)
 ÍÞ_	at org.springframework.aop.support.AopUtils.invokeJoinpointUsingReflection(AopUtils.java:343)
 ÍÞv	at org.springframework.aop.framework.ReflectiveMethodInvocation.invokeJoinpoint(ReflectiveMethodInvocation.java:198)
 ÍÞn	at org.springframework.aop.framework.ReflectiveMethodInvocation.proceed(ReflectiveMethodInvocation.java:163)
 ÍÞk	at org.springframework.aop.interceptor.AbstractTraceInterceptor.invoke(AbstractTraceInterceptor.java:134)
 ÍÞZ	at org.springframework.aop.interceptor.DebugInterceptor.invoke(DebugInterceptor.java:63)
 ÍÞn	at org.springframework.aop.framework.ReflectiveMethodInvocation.proceed(ReflectiveMethodInvocation.java:186)
 ÍÞe	at org.springframework.cache.interceptor.CacheInterceptor.lambda$invoke$0(CacheInterceptor.java:53)
 ÍÞj	at org.springframework.cache.interceptor.CacheAspectSupport.invokeOperation(CacheAspectSupport.java:366)
 ÍÞk	at org.springframework.cache.interceptor.CacheAspectSupport.lambda$execute$1(CacheAspectSupport.java:382)
 ÍÞf	at org.springframework.cache.concurrent.ConcurrentMapCache.lambda$get$0(ConcurrentMapCache.java:146)
 ÍÞX	at java.util.concurrent.ConcurrentHashMap.computeIfAbsent(ConcurrentHashMap.java:1660)
 ÍÞ]	at org.springframework.cache.concurrent.ConcurrentMapCache.get(ConcurrentMapCache.java:144)
 ÍÞb	at org.springframework.cache.interceptor.CacheAspectSupport.execute(CacheAspectSupport.java:382)
 ÍÞb	at org.springframework.cache.interceptor.CacheAspectSupport.execute(CacheAspectSupport.java:346)
 ÍÞ\	at org.springframework.cache.interceptor.CacheInterceptor.invoke(CacheInterceptor.java:61)
 ÍÞn	at org.springframework.aop.framework.ReflectiveMethodInvocation.proceed(ReflectiveMethodInvocation.java:186)
 ÍÞp	at org.springframework.aop.interceptor.ExposeInvocationInterceptor.invoke(ExposeInvocationInterceptor.java:93)
 ÍÞn	at org.springframework.aop.framework.ReflectiveMethodInvocation.proceed(ReflectiveMethodInvocation.java:186)
 ÍÞ]	at org.springframework.aop.framework.JdkDynamicAopProxy.invoke(JdkDynamicAopProxy.java:212)
 ÍÞ=	at com.sun.proxy.$Proxy237.throwCheckedSync(Unknown Source)
 ÍÞ‚	at org.springframework.cache.config.AbstractCacheAnnotationTests.testCheckedThrowableSync(AbstractCacheAnnotationTests.java:355)
 ÍÞ‚	at org.springframework.cache.config.AbstractCacheAnnotationTests.testCheckedExceptionSync(AbstractCacheAnnotationTests.java:759)
 ÍÞ@	at sun.reflect.NativeMethodAccessorImpl.invoke0(Native Method)
 ÍÞR	at sun.reflect.NativeMethodAccessorImpl.invoke(NativeMethodAccessorImpl.java:62)
 ÍÞZ	at sun.reflect.DelegatingMethodAccessorImpl.invoke(DelegatingMethodAccessorImpl.java:43)
 ÍÞ5	at java.lang.reflect.Method.invoke(Method.java:498)
 ÍÞY	at org.junit.runners.model.FrameworkMethod$1.runReflectiveCall(FrameworkMethod.java:50)
 ÍÞX	at org.junit.internal.runners.model.ReflectiveCallable.run(ReflectiveCallable.java:12)
 ÍÞW	at org.junit.runners.model.FrameworkMethod.invokeExplosively(FrameworkMethod.java:47)
 ÍÞV	at org.junit.internal.runners.statements.InvokeMethod.evaluate(InvokeMethod.java:17)
 ÍÞR	at org.junit.internal.runners.statements.RunBefores.evaluate(RunBefores.java:26)
 ÍÞP	at org.junit.internal.runners.statements.RunAfters.evaluate(RunAfters.java:27)
 ÍÞB	at org.junit.runners.ParentRunner.runLeaf(ParentRunner.java:325)
 ÍÞV	at org.junit.runners.BlockJUnit4ClassRunner.runChild(BlockJUnit4ClassRunner.java:78)
 ÍÞV	at org.junit.runners.BlockJUnit4ClassRunner.runChild(BlockJUnit4ClassRunner.java:57)
 ÍÞ@	at org.junit.runners.ParentRunner$3.run(ParentRunner.java:290)
 ÍÞD	at org.junit.runners.ParentRunner$1.schedule(ParentRunner.java:71)
 ÍÞF	at org.junit.runners.ParentRunner.runChildren(ParentRunner.java:288)
 ÍÞD	at org.junit.runners.ParentRunner.access$000(ParentRunner.java:58)
 ÍÞE	at org.junit.runners.ParentRunner$2.evaluate(ParentRunner.java:268)
 ÍÞ>	at org.junit.runners.ParentRunner.run(ParentRunner.java:363)
 ÍÞu	at org.gradle.api.internal.tasks.testing.junit.JUnitTestClassExecutor.runTestClass(JUnitTestClassExecutor.java:110)
 ÍÞo	at org.gradle.api.internal.tasks.testing.junit.JUnitTestClassExecutor.execute(JUnitTestClassExecutor.java:58)
 ÍÞo	at org.gradle.api.internal.tasks.testing.junit.JUnitTestClassExecutor.execute(JUnitTestClassExecutor.java:38)
 ÍÞŠ	at org.gradle.api.internal.tasks.testing.junit.AbstractJUnitTestClassProcessor.processTestClass(AbstractJUnitTestClassProcessor.java:62)
 ÍÞt	at org.gradle.api.internal.tasks.testing.SuiteTestClassProcessor.processTestClass(SuiteTestClassProcessor.java:51)
 ÍÞA	at sun.reflect.GeneratedMethodAccessor54.invoke(Unknown Source)
 ÍÞZ	at sun.reflect.DelegatingMethodAccessorImpl.invoke(DelegatingMethodAccessorImpl.java:43)
 ÍÞ5	at java.lang.reflect.Method.invoke(Method.java:498)
 ÍÞY	at org.gradle.internal.dispatch.ReflectionDispatch.dispatch(ReflectionDispatch.java:36)
 ÍÞY	at org.gradle.internal.dispatch.ReflectionDispatch.dispatch(ReflectionDispatch.java:24)
 ÍÞi	at org.gradle.internal.dispatch.ContextClassLoaderDispatch.dispatch(ContextClassLoaderDispatch.java:33)
 ÍÞx	at org.gradle.internal.dispatch.ProxyDispatchAdapter$DispatchingInvocationHandler.invoke(ProxyDispatchAdapter.java:94)
 ÍÞ;	at com.sun.proxy.$Proxy2.processTestClass(Unknown Source)
 ÍÞb	at org.gradle.api.internal.tasks.testing.worker.TestWorker.processTestClass(TestWorker.java:118)
 ÍÞA	at sun.reflect.GeneratedMethodAccessor53.invoke(Unknown Source)
 ÍÞZ	at sun.reflect.DelegatingMethodAccessorImpl.invoke(DelegatingMethodAccessorImpl.java:43)
 ÍÞ5	at java.lang.reflect.Method.invoke(Method.java:498)
 ÍÞY	at org.gradle.internal.dispatch.ReflectionDispatch.dispatch(ReflectionDispatch.java:36)
 ÍÞY	at org.gradle.internal.dispatch.ReflectionDispatch.dispatch(ReflectionDispatch.java:24)
 ÍÞ‘	at org.gradle.internal.remote.internal.hub.MessageHubBackedObjectConnection$DispatchWrapper.dispatch(MessageHubBackedObjectConnection.java:182)
 ÍÞ‘	at org.gradle.internal.remote.internal.hub.MessageHubBackedObjectConnection$DispatchWrapper.dispatch(MessageHubBackedObjectConnection.java:164)
 ÍÞX	at org.gradle.internal.remote.internal.hub.MessageHub$Handler.run(MessageHub.java:412)
 ÍÞk	at org.gradle.internal.concurrent.ExecutorPolicy$CatchAndRecordFailures.onExecute(ExecutorPolicy.java:64)
 ÍÞZ	at org.gradle.internal.concurrent.ManagedExecutorImpl$1.run(ManagedExecutorImpl.java:48)
 ÍÞT	at java.util.concurrent.ThreadPoolExecutor.runWorker(ThreadPoolExecutor.java:1149)
 ÍÞT	at java.util.concurrent.ThreadPoolExecutor$Worker.run(ThreadPoolExecutor.java:624)
 ÍÞj	at org.gradle.internal.concurrent.ThreadFactoryImpl$ManagedThreadRunnable.run(ThreadFactoryImpl.java:56)
 ÍÞ*	at java.lang.Thread.run(Thread.java:748)
¶Ãó22:55:19.484 [e0-1] ERROR o.s.a.i.SimpleAsyncUncaughtExceptionHandler - Unexpected exception occurred invoking async method: public void org.springframework.scheduling.annotation.AsyncExecutionTests$AsyncMethodWithQualifierBean.doNothing(int)
¶Ãjava.lang.AssertionError: null
¶ÃA	at org.junit.Assert.fail(Assert.java:86) ~[junit-4.12.jar:4.12]
¶ÃG	at org.junit.Assert.assertTrue(Assert.java:41) ~[junit-4.12.jar:4.12]
¶ÃG	at org.junit.Assert.assertTrue(Assert.java:52) ~[junit-4.12.jar:4.12]
¶Ã’	at org.springframework.scheduling.annotation.AsyncExecutionTests$AsyncMethodWithQualifierBean.doNothing(AsyncExecutionTests.java:503) ~[test/:?]
¶Ã 	at org.springframework.scheduling.annotation.AsyncExecutionTests$AsyncMethodWithQualifierBean$$FastClassBySpringCGLIB$$85bd9822.invoke(<generated>) ~[test/:?]
¶ÃŒ	at org.springframework.cglib.proxy.MethodProxy.invoke(MethodProxy.java:218) ~[spring-core-5.1.21.BUILD-SNAPSHOT.jar:5.1.21.BUILD-SNAPSHOT]
¶Ã°	at org.springframework.aop.framework.CglibAopProxy$CglibMethodInvocation.invokeJoinpoint(CglibAopProxy.java:752) ~[spring-aop-5.1.21.BUILD-SNAPSHOT.jar:5.1.21.BUILD-SNAPSHOT]
¶Ã¬	at org.springframework.aop.framework.ReflectiveMethodInvocation.proceed(ReflectiveMethodInvocation.java:163) ~[spring-aop-5.1.21.BUILD-SNAPSHOT.jar:5.1.21.BUILD-SNAPSHOT]
¶Ã´	at org.springframework.aop.interceptor.AsyncExecutionInterceptor.lambda$invoke$0(AsyncExecutionInterceptor.java:115) ~[spring-aop-5.1.21.BUILD-SNAPSHOT.jar:5.1.21.BUILD-SNAPSHOT]
¶ÃK	at java.util.concurrent.FutureTask.run(FutureTask.java:266) [?:1.8.0_231]
¶Ãb	at java.util.concurrent.ThreadPoolExecutor.runWorker(ThreadPoolExecutor.java:1149) [?:1.8.0_231]
¶Ãb	at java.util.concurrent.ThreadPoolExecutor$Worker.run(ThreadPoolExecutor.java:624) [?:1.8.0_231]
¶Ã8	at java.lang.Thread.run(Thread.java:748) [?:1.8.0_231]
¶Äó22:55:19.493 [e0-1] ERROR o.s.a.i.SimpleAsyncUncaughtExceptionHandler - Unexpected exception occurred invoking async method: public void org.springframework.scheduling.annotation.AsyncExecutionTests$AsyncMethodWithQualifierBean.doNothing(int)
¶Äjava.lang.AssertionError: null
¶ÄA	at org.junit.Assert.fail(Assert.java:86) ~[junit-4.12.jar:4.12]
¶ÄG	at org.junit.Assert.assertTrue(Assert.java:41) ~[junit-4.12.jar:4.12]
¶ÄG	at org.junit.Assert.assertTrue(Assert.java:52) ~[junit-4.12.jar:4.12]
¶Ä’	at org.springframework.scheduling.annotation.AsyncExecutionTests$AsyncMethodWithQualifierBean.doNothing(AsyncExecutionTests.java:503) ~[test/:?]
¶ÄO	at sun.reflect.NativeMethodAccessorImpl.invoke0(Native Method) ~[?:1.8.0_231]
¶Äa	at sun.reflect.NativeMethodAccessorImpl.invoke(NativeMethodAccessorImpl.java:62) ~[?:1.8.0_231]
¶Äi	at sun.reflect.DelegatingMethodAccessorImpl.invoke(DelegatingMethodAccessorImpl.java:43) ~[?:1.8.0_231]
¶ÄD	at java.lang.reflect.Method.invoke(Method.java:498) ~[?:1.8.0_231]
¶Ä	at org.springframework.aop.support.AopUtils.invokeJoinpointUsingReflection(AopUtils.java:343) ~[spring-aop-5.1.21.BUILD-SNAPSHOT.jar:5.1.21.BUILD-SNAPSHOT]
¶Ä´	at org.springframework.aop.framework.ReflectiveMethodInvocation.invokeJoinpoint(ReflectiveMethodInvocation.java:198) ~[spring-aop-5.1.21.BUILD-SNAPSHOT.jar:5.1.21.BUILD-SNAPSHOT]
¶Ä¬	at org.springframework.aop.framework.ReflectiveMethodInvocation.proceed(ReflectiveMethodInvocation.java:163) ~[spring-aop-5.1.21.BUILD-SNAPSHOT.jar:5.1.21.BUILD-SNAPSHOT]
¶Ä´	at org.springframework.aop.interceptor.AsyncExecutionInterceptor.lambda$invoke$0(AsyncExecutionInterceptor.java:115) ~[spring-aop-5.1.21.BUILD-SNAPSHOT.jar:5.1.21.BUILD-SNAPSHOT]
¶ÄK	at java.util.concurrent.FutureTask.run(FutureTask.java:266) [?:1.8.0_231]
¶Äb	at java.util.concurrent.ThreadPoolExecutor.runWorker(ThreadPoolExecutor.java:1149) [?:1.8.0_231]
¶Äb	at java.util.concurrent.ThreadPoolExecutor$Worker.run(ThreadPoolExecutor.java:624) [?:1.8.0_231]
¶Ä8	at java.lang.Thread.run(Thread.java:748) [?:1.8.0_231]
ÉÊä22:55:19.537 [Test worker] WARN  o.s.c.a.AnnotationConfigApplicationContext - Exception encountered during context initialization - cancelling refresh attempt: org.springframework.beans.factory.UnsatisfiedDependencyException: Error creating bean with name 'enableAsyncTests.AsyncBeanUser': Unsatisfied dependency expressed through constructor parameter 0; nested exception is org.springframework.beans.factory.BeanNotOfRequiredTypeException: Bean named 'asyncBean' is expected to be of type 'org.springframework.scheduling.annotation.EnableAsyncTests$AsyncBean' but was actually of type 'com.sun.proxy.$Proxy88'
ÉÌ²22:55:19.574 [Test worker] WARN  o.s.c.a.AnnotationConfigApplicationContext - Exception encountered during context initialization - cancelling refresh attempt: org.springframework.beans.factory.BeanDefinitionStoreException: Failed to process import candidates for configuration class [org.springframework.scheduling.annotation.EnableAsyncTests$AspectJAsyncAnnotationConfig]; nested exception is java.io.FileNotFoundException: class path resource [org/springframework/scheduling/aspectj/AspectJAsyncConfiguration.class] cannot be opened because it does not exist
ÉÑä22:55:19.632 [Test worker] WARN  o.s.c.a.AnnotationConfigApplicationContext - Exception encountered during context initialization - cancelling refresh attempt: org.springframework.beans.factory.UnsatisfiedDependencyException: Error creating bean with name 'enableAsyncTests.AsyncBeanUser': Unsatisfied dependency expressed through constructor parameter 0; nested exception is org.springframework.beans.factory.BeanNotOfRequiredTypeException: Bean named 'asyncBean' is expected to be of type 'org.springframework.scheduling.annotation.EnableAsyncTests$AsyncBean' but was actually of type 'com.sun.proxy.$Proxy88'
óöŸ22:55:19.852 [Test worker] WARN  o.s.c.s.StaticApplicationContext - Exception encountered during context initialization - cancelling refresh attempt: org.springframework.beans.factory.BeanCreationException: Error creating bean with name 'target': Initialization of bean failed; nested exception is java.lang.IllegalStateException: Encountered invalid @Scheduled method 'cron': Invalid time zone specification 'FOO'
óù±22:55:19.860 [Test worker] WARN  o.s.c.s.StaticApplicationContext - Exception encountered during context initialization - cancelling refresh attempt: org.springframework.beans.factory.BeanCreationException: Error creating bean with name 'target': Initialization of bean failed; nested exception is java.lang.IllegalStateException: Encountered invalid @Scheduled method 'invalid': Only no-arg methods may be annotated with @Scheduled
óü¸22:55:19.878 [Test worker] WARN  o.s.c.s.StaticApplicationContext - Exception encountered during context initialization - cancelling refresh attempt: org.springframework.beans.factory.BeanCreationException: Error creating bean with name 'target': Initialization of bean failed; nested exception is java.lang.IllegalStateException: Encountered invalid @Scheduled method 'invalid': Cron expression must consist of 6 fields (found 1 in "abc")
óþÛ22:55:19.882 [Test worker] WARN  o.s.c.s.StaticApplicationContext - Exception encountered during context initialization - cancelling refresh attempt: org.springframework.beans.factory.BeanCreationException: Error creating bean with name 'target': Initialization of bean failed; nested exception is java.lang.IllegalStateException: Encountered invalid @Scheduled method 'invalid': Exactly one of the 'cron', 'fixedDelay(String)', or 'fixedRate(String)' attributes is required
ó„î22:55:19.916 [Test worker] WARN  o.s.c.s.StaticApplicationContext - Exception encountered during context initialization - cancelling refresh attempt: org.springframework.beans.factory.BeanCreationException: Error creating bean with name 'target': Initialization of bean failed; nested exception is java.lang.IllegalStateException: Need to invoke method 'cron' found on proxy for target class 'CronTestBean' but cannot be delegated to target bean. Switch its visibility to package or protected.
  Running
  Running
  Running
²¸q22:55:20.280 [test-1] ERROR o.s.s.s.TaskUtils$LoggingErrorHandler - Unexpected error occurred in scheduled task.
²¸5java.lang.RuntimeException: intentional test failure
²¸Š	at org.springframework.scheduling.concurrent.ThreadPoolTaskSchedulerTests$TestTask.run(ThreadPoolTaskSchedulerTests.java:183) ~[test/:?]
²¸‚	at org.springframework.scheduling.support.DelegatingErrorHandlingRunnable.run(DelegatingErrorHandlingRunnable.java:54) [main/:?]
²¸Z	at java.util.concurrent.Executors$RunnableAdapter.call(Executors.java:511) [?:1.8.0_231]
²¸K	at java.util.concurrent.FutureTask.run(FutureTask.java:266) [?:1.8.0_231]
²¸ˆ	at java.util.concurrent.ScheduledThreadPoolExecutor$ScheduledFutureTask.access$201(ScheduledThreadPoolExecutor.java:180) [?:1.8.0_231]
²¸	at java.util.concurrent.ScheduledThreadPoolExecutor$ScheduledFutureTask.run(ScheduledThreadPoolExecutor.java:293) [?:1.8.0_231]
²¸b	at java.util.concurrent.ThreadPoolExecutor.runWorker(ThreadPoolExecutor.java:1149) [?:1.8.0_231]
²¸b	at java.util.concurrent.ThreadPoolExecutor$Worker.run(ThreadPoolExecutor.java:624) [?:1.8.0_231]
²¸8	at java.lang.Thread.run(Thread.java:748) [?:1.8.0_231]
²Äq22:55:20.375 [test-1] ERROR o.s.s.s.TaskUtils$LoggingErrorHandler - Unexpected error occurred in scheduled task.
²Ä5java.lang.RuntimeException: intentional test failure
²Ä˜	at org.springframework.scheduling.concurrent.AbstractSchedulingTaskExecutorTests$TestTask.run(AbstractSchedulingTaskExecutorTests.java:266) ~[test/:?]
²Ä‚	at org.springframework.scheduling.support.DelegatingErrorHandlingRunnable.run(DelegatingErrorHandlingRunnable.java:54) [main/:?]
²ÄZ	at java.util.concurrent.Executors$RunnableAdapter.call(Executors.java:511) [?:1.8.0_231]
²ÄK	at java.util.concurrent.FutureTask.run(FutureTask.java:266) [?:1.8.0_231]
²Äˆ	at java.util.concurrent.ScheduledThreadPoolExecutor$ScheduledFutureTask.access$201(ScheduledThreadPoolExecutor.java:180) [?:1.8.0_231]
²Ä	at java.util.concurrent.ScheduledThreadPoolExecutor$ScheduledFutureTask.run(ScheduledThreadPoolExecutor.java:293) [?:1.8.0_231]
²Äb	at java.util.concurrent.ThreadPoolExecutor.runWorker(ThreadPoolExecutor.java:1149) [?:1.8.0_231]
²Äb	at java.util.concurrent.ThreadPoolExecutor$Worker.run(ThreadPoolExecutor.java:624) [?:1.8.0_231]
²Ä8	at java.lang.Thread.run(Thread.java:748) [?:1.8.0_231]
Õâq22:55:20.524 [test-1] ERROR o.s.s.s.TaskUtils$LoggingErrorHandler - Unexpected error occurred in scheduled task.
Õâ5java.lang.RuntimeException: intentional test failure
Õâ˜	at org.springframework.scheduling.concurrent.AbstractSchedulingTaskExecutorTests$TestTask.run(AbstractSchedulingTaskExecutorTests.java:266) ~[test/:?]
Õâ‚	at org.springframework.scheduling.support.DelegatingErrorHandlingRunnable.run(DelegatingErrorHandlingRunnable.java:54) [main/:?]
Õâb	at java.util.concurrent.ThreadPoolExecutor.runWorker(ThreadPoolExecutor.java:1149) [?:1.8.0_231]
Õâb	at java.util.concurrent.ThreadPoolExecutor$Worker.run(ThreadPoolExecutor.java:624) [?:1.8.0_231]
Õâ8	at java.lang.Thread.run(Thread.java:748) [?:1.8.0_231]
“’à22:55:28.692 [Test worker] WARN  o.s.c.s.ClassPathXmlApplicationContext - Exception encountered during context initialization - cancelling refresh attempt: org.springframework.beans.factory.BeanCreationException: Error creating bean with name 'org.springframework.aop.aspectj.AspectJPointcutAdvisor#0': Cannot create inner bean '(inner bean)#53ac70e3' of type [org.springframework.aop.aspectj.AspectJMethodBeforeAdvice] while setting constructor argument; nested exception is org.springframework.beans.factory.BeanCreationException: Error creating bean with name '(inner bean)#53ac70e3': Error setting property values; nested exception is org.springframework.beans.PropertyBatchUpdateException; nested PropertyAccessExceptions (1) are:
“’­PropertyAccessException 1: org.springframework.beans.MethodInvocationException: Property 'argumentNames' threw exception; nested exception is java.lang.IllegalArgumentException: 'argumentNames' property of AbstractAspectJAdvice contains an argument name 'age bean' that is not a valid Java identifier
¸¹0
¸¹1
¸¹2
¸¹3
¸¹4
¸¹5
¸¹6
¸¹7
¸¹8
¸¹9
ÙØ“22:55:29.335 [Test worker] WARN  o.s.c.s.ClassPathXmlApplicationContext - Exception encountered during context initialization - cancelling refresh attempt: org.springframework.beans.factory.BeanCreationException: Error creating bean with name 'org.springframework.aop.aspectj.AspectJPointcutAdvisor#1': Bean instantiation via constructor failed; nested exception is org.springframework.beans.BeanInstantiationException: Failed to instantiate [org.springframework.aop.aspectj.AspectJPointcutAdvisor]: Constructor threw exception; nested exception is java.lang.IllegalArgumentException: warning no match for this type name: name [Xlint:invalidAbsoluteTypeName]
ÙÚå22:55:29.341 [Test worker] WARN  o.s.c.s.ClassPathXmlApplicationContext - Exception encountered during context initialization - cancelling refresh attempt: org.springframework.beans.factory.BeanCreationException: Error creating bean with name 'org.springframework.aop.aspectj.AspectJPointcutAdvisor#0': Cannot create inner bean '(inner bean)#7054406d' of type [org.springframework.aop.aspectj.AspectJMethodBeforeAdvice] while setting constructor argument; nested exception is org.springframework.beans.factory.BeanCreationException: Error creating bean with name '(inner bean)#7054406d': Cannot create inner bean '(inner bean)#258883e9' of type [org.springframework.aop.config.MethodLocatingFactoryBean] while setting constructor argument; nested exception is org.springframework.beans.factory.BeanCreationException: Error creating bean with name '(inner bean)#258883e9': Initialization of bean failed; nested exception is java.lang.IllegalArgumentException: Cannot resolve method 'myBeforeAdvice' to a unique method. Attempted to resolve to overloaded method with the least number of parameters but there were 2 candidates.
ëê(StopWatch '': running time (millis) = 2
ëê*-----------------------------------------
ëêms     %     Task name
ëê*-----------------------------------------
ëê;00002  100%  10 repeated mixed invocations with Spring AOP
ëê
ëì(StopWatch '': running time (millis) = 0
ëì*-----------------------------------------
ëìms     %     Task name
ëì*-----------------------------------------
ëìB00000  ï¿½  10 repeated around advice invocations with Spring AOP
ëì
ëí(StopWatch '': running time (millis) = 0
ëí*-----------------------------------------
ëíms     %     Task name
ëí*-----------------------------------------
ëí?00000  ï¿½  10 repeated before advice invocations with AspectJ
ëí
ëî(StopWatch '': running time (millis) = 1
ëî*-----------------------------------------
ëîms     %     Task name
ëî*-----------------------------------------
ëî@00001  100%  10 repeated around advice invocations with AspectJ
ëî
ëï(StopWatch '': running time (millis) = 0
ëï*-----------------------------------------
ëïms     %     Task name
ëï*-----------------------------------------
ëïH00000  ï¿½  10 repeated after returning advice invocations with AspectJ
ëï
ëð(StopWatch '': running time (millis) = 0
ëð*-----------------------------------------
ëðms     %     Task name
ëð*-----------------------------------------
ëðB00000  ï¿½  10 repeated before advice invocations with Spring AOP
ëð
ëñ(StopWatch '': running time (millis) = 0
ëñ*-----------------------------------------
ëñms     %     Task name
ëñ*-----------------------------------------
ëñK00000  ï¿½  10 repeated after returning advice invocations with Spring AOP
ëñ
ëò(StopWatch '': running time (millis) = 1
ëò*-----------------------------------------
ëòms     %     Task name
ëò*-----------------------------------------
ëò800001  100%  10 repeated mixed invocations with AspectJ
ëò
¨§Hello
¨§Hello
 ½Èìorg.springframework.beans.factory.BeanCreationException: Error creating bean with name 'failsOnInnerBean' defined in class path resource [org/springframework/beans/factory/xml/XmlBeanFactoryTests-reftypes.xml]: Cannot create inner bean 'org.springframework.tests.sample.beans.TestBean#7452d4b7' of type [org.springframework.tests.sample.beans.TestBean] while setting bean property 'someMap' with key [TypedStringValue: value [someKey], target type [null]]; nested exception is org.springframework.beans.factory.BeanCreationException: Error creating bean with name 'org.springframework.tests.sample.beans.TestBean#7452d4b7' defined in class path resource [org/springframework/beans/factory/xml/XmlBeanFactoryTests-reftypes.xml]: Error setting property values; nested exception is org.springframework.beans.PropertyBatchUpdateException; nested PropertyAccessExceptions (1) are:
 ½È®PropertyAccessException 1: org.springframework.beans.MethodInvocationException: Property 'touchy' threw exception; nested exception is java.lang.Exception: Can't contain a .
 ½È	at org.springframework.beans.factory.support.BeanDefinitionValueResolver.resolveInnerBean(BeanDefinitionValueResolver.java:361)
 ½Èˆ	at org.springframework.beans.factory.support.BeanDefinitionValueResolver.resolveValueIfNecessary(BeanDefinitionValueResolver.java:124)
 ½È‹	at org.springframework.beans.factory.support.BeanDefinitionValueResolver.lambda$resolveManagedMap$1(BeanDefinitionValueResolver.java:424)
 ½È<	at java.util.LinkedHashMap.forEach(LinkedHashMap.java:684)
 ½È‚	at org.springframework.beans.factory.support.BeanDefinitionValueResolver.resolveManagedMap(BeanDefinitionValueResolver.java:422)
 ½Èˆ	at org.springframework.beans.factory.support.BeanDefinitionValueResolver.resolveValueIfNecessary(BeanDefinitionValueResolver.java:167)
 ½È“	at org.springframework.beans.factory.support.AbstractAutowireCapableBeanFactory.applyPropertyValues(AbstractAutowireCapableBeanFactory.java:1672)
 ½ÈŒ	at org.springframework.beans.factory.support.AbstractAutowireCapableBeanFactory.populateBean(AbstractAutowireCapableBeanFactory.java:1424)
 ½È‹	at org.springframework.beans.factory.support.AbstractAutowireCapableBeanFactory.doCreateBean(AbstractAutowireCapableBeanFactory.java:591)
 ½È‰	at org.springframework.beans.factory.support.AbstractAutowireCapableBeanFactory.createBean(AbstractAutowireCapableBeanFactory.java:514)
 ½Ès	at org.springframework.beans.factory.support.AbstractBeanFactory.lambda$doGetBean$0(AbstractBeanFactory.java:321)
 ½È	at org.springframework.beans.factory.support.DefaultSingletonBeanRegistry.getSingleton(DefaultSingletonBeanRegistry.java:234)
 ½Èj	at org.springframework.beans.factory.support.AbstractBeanFactory.doGetBean(AbstractBeanFactory.java:319)
 ½Èh	at org.springframework.beans.factory.support.AbstractBeanFactory.getBean(AbstractBeanFactory.java:199)
 ½Èq	at org.springframework.beans.factory.xml.XmlBeanFactoryTests.testFailsOnInnerBean(XmlBeanFactoryTests.java:289)
 ½È@	at sun.reflect.NativeMethodAccessorImpl.invoke0(Native Method)
 ½ÈR	at sun.reflect.NativeMethodAccessorImpl.invoke(NativeMethodAccessorImpl.java:62)
 ½ÈZ	at sun.reflect.DelegatingMethodAccessorImpl.invoke(DelegatingMethodAccessorImpl.java:43)
 ½È5	at java.lang.reflect.Method.invoke(Method.java:498)
 ½ÈY	at org.junit.runners.model.FrameworkMethod$1.runReflectiveCall(FrameworkMethod.java:50)
 ½ÈX	at org.junit.internal.runners.model.ReflectiveCallable.run(ReflectiveCallable.java:12)
 ½ÈW	at org.junit.runners.model.FrameworkMethod.invokeExplosively(FrameworkMethod.java:47)
 ½ÈV	at org.junit.internal.runners.statements.InvokeMethod.evaluate(InvokeMethod.java:17)
 ½ÈB	at org.junit.runners.ParentRunner.runLeaf(ParentRunner.java:325)
 ½ÈV	at org.junit.runners.BlockJUnit4ClassRunner.runChild(BlockJUnit4ClassRunner.java:78)
 ½ÈV	at org.junit.runners.BlockJUnit4ClassRunner.runChild(BlockJUnit4ClassRunner.java:57)
 ½È@	at org.junit.runners.ParentRunner$3.run(ParentRunner.java:290)
 ½ÈD	at org.junit.runners.ParentRunner$1.schedule(ParentRunner.java:71)
 ½ÈF	at org.junit.runners.ParentRunner.runChildren(ParentRunner.java:288)
 ½ÈD	at org.junit.runners.ParentRunner.access$000(ParentRunner.java:58)
 ½ÈE	at org.junit.runners.ParentRunner$2.evaluate(ParentRunner.java:268)
 ½È>	at org.junit.runners.ParentRunner.run(ParentRunner.java:363)
 ½Èu	at org.gradle.api.internal.tasks.testing.junit.JUnitTestClassExecutor.runTestClass(JUnitTestClassExecutor.java:110)
 ½Èo	at org.gradle.api.internal.tasks.testing.junit.JUnitTestClassExecutor.execute(JUnitTestClassExecutor.java:58)
 ½Èo	at org.gradle.api.internal.tasks.testing.junit.JUnitTestClassExecutor.execute(JUnitTestClassExecutor.java:38)
 ½ÈŠ	at org.gradle.api.internal.tasks.testing.junit.AbstractJUnitTestClassProcessor.processTestClass(AbstractJUnitTestClassProcessor.java:62)
 ½Èt	at org.gradle.api.internal.tasks.testing.SuiteTestClassProcessor.processTestClass(SuiteTestClassProcessor.java:51)
 ½ÈA	at sun.reflect.GeneratedMethodAccessor54.invoke(Unknown Source)
 ½ÈZ	at sun.reflect.DelegatingMethodAccessorImpl.invoke(DelegatingMethodAccessorImpl.java:43)
 ½È5	at java.lang.reflect.Method.invoke(Method.java:498)
 ½ÈY	at org.gradle.internal.dispatch.ReflectionDispatch.dispatch(ReflectionDispatch.java:36)
 ½ÈY	at org.gradle.internal.dispatch.ReflectionDispatch.dispatch(ReflectionDispatch.java:24)
 ½Èi	at org.gradle.internal.dispatch.ContextClassLoaderDispatch.dispatch(ContextClassLoaderDispatch.java:33)
 ½Èx	at org.gradle.internal.dispatch.ProxyDispatchAdapter$DispatchingInvocationHandler.invoke(ProxyDispatchAdapter.java:94)
 ½È;	at com.sun.proxy.$Proxy2.processTestClass(Unknown Source)
 ½Èb	at org.gradle.api.internal.tasks.testing.worker.TestWorker.processTestClass(TestWorker.java:118)
 ½ÈA	at sun.reflect.GeneratedMethodAccessor53.invoke(Unknown Source)
 ½ÈZ	at sun.reflect.DelegatingMethodAccessorImpl.invoke(DelegatingMethodAccessorImpl.java:43)
 ½È5	at java.lang.reflect.Method.invoke(Method.java:498)
 ½ÈY	at org.gradle.internal.dispatch.ReflectionDispatch.dispatch(ReflectionDispatch.java:36)
 ½ÈY	at org.gradle.internal.dispatch.ReflectionDispatch.dispatch(ReflectionDispatch.java:24)
 ½È‘	at org.gradle.internal.remote.internal.hub.MessageHubBackedObjectConnection$DispatchWrapper.dispatch(MessageHubBackedObjectConnection.java:182)
 ½È‘	at org.gradle.internal.remote.internal.hub.MessageHubBackedObjectConnection$DispatchWrapper.dispatch(MessageHubBackedObjectConnection.java:164)
 ½ÈX	at org.gradle.internal.remote.internal.hub.MessageHub$Handler.run(MessageHub.java:412)
 ½Èk	at org.gradle.internal.concurrent.ExecutorPolicy$CatchAndRecordFailures.onExecute(ExecutorPolicy.java:64)
 ½ÈZ	at org.gradle.internal.concurrent.ManagedExecutorImpl$1.run(ManagedExecutorImpl.java:48)
 ½ÈT	at java.util.concurrent.ThreadPoolExecutor.runWorker(ThreadPoolExecutor.java:1149)
 ½ÈT	at java.util.concurrent.ThreadPoolExecutor$Worker.run(ThreadPoolExecutor.java:624)
 ½Èj	at org.gradle.internal.concurrent.ThreadFactoryImpl$ManagedThreadRunnable.run(ThreadFactoryImpl.java:56)
 ½È*	at java.lang.Thread.run(Thread.java:748)
 ½ÈšCaused by: org.springframework.beans.factory.BeanCreationException: Error creating bean with name 'org.springframework.tests.sample.beans.TestBean#7452d4b7' defined in class path resource [org/springframework/beans/factory/xml/XmlBeanFactoryTests-reftypes.xml]: Error setting property values; nested exception is org.springframework.beans.PropertyBatchUpdateException; nested PropertyAccessExceptions (1) are:
 ½È®PropertyAccessException 1: org.springframework.beans.MethodInvocationException: Property 'touchy' threw exception; nested exception is java.lang.Exception: Can't contain a .
 ½È“	at org.springframework.beans.factory.support.AbstractAutowireCapableBeanFactory.applyPropertyValues(AbstractAutowireCapableBeanFactory.java:1709)
 ½ÈŒ	at org.springframework.beans.factory.support.AbstractAutowireCapableBeanFactory.populateBean(AbstractAutowireCapableBeanFactory.java:1424)
 ½È‹	at org.springframework.beans.factory.support.AbstractAutowireCapableBeanFactory.doCreateBean(AbstractAutowireCapableBeanFactory.java:591)
 ½È‰	at org.springframework.beans.factory.support.AbstractAutowireCapableBeanFactory.createBean(AbstractAutowireCapableBeanFactory.java:514)
 ½È	at org.springframework.beans.factory.support.BeanDefinitionValueResolver.resolveInnerBean(BeanDefinitionValueResolver.java:346)
 ½È	... 59 more
 ½ÈlCaused by: org.springframework.beans.PropertyBatchUpdateException; nested PropertyAccessExceptions (1) are:
 ½È®PropertyAccessException 1: org.springframework.beans.MethodInvocationException: Property 'touchy' threw exception; nested exception is java.lang.Exception: Can't contain a .
 ½Èl	at org.springframework.beans.AbstractPropertyAccessor.setPropertyValues(AbstractPropertyAccessor.java:135)
 ½Èk	at org.springframework.beans.AbstractPropertyAccessor.setPropertyValues(AbstractPropertyAccessor.java:79)
 ½È“	at org.springframework.beans.factory.support.AbstractAutowireCapableBeanFactory.applyPropertyValues(AbstractAutowireCapableBeanFactory.java:1705)
 ½È	... 63 more
 ½ÈÚorg.springframework.beans.factory.BeanCreationException: Error creating bean with name 'failsOnInnerBeanForConstructor' defined in class path resource [org/springframework/beans/factory/xml/XmlBeanFactoryTests-reftypes.xml]: Cannot create inner bean 'innerBean' of type [org.springframework.tests.sample.beans.TestBean] while setting constructor argument; nested exception is org.springframework.beans.factory.BeanCreationException: Error creating bean with name 'innerBean#1' defined in class path resource [org/springframework/beans/factory/xml/XmlBeanFactoryTests-reftypes.xml]: Error setting property values; nested exception is org.springframework.beans.PropertyBatchUpdateException; nested PropertyAccessExceptions (1) are:
 ½È®PropertyAccessException 1: org.springframework.beans.MethodInvocationException: Property 'touchy' threw exception; nested exception is java.lang.Exception: Can't contain a .
 ½È	at org.springframework.beans.factory.support.BeanDefinitionValueResolver.resolveInnerBean(BeanDefinitionValueResolver.java:361)
 ½Èˆ	at org.springframework.beans.factory.support.BeanDefinitionValueResolver.resolveValueIfNecessary(BeanDefinitionValueResolver.java:124)
 ½È|	at org.springframework.beans.factory.support.ConstructorResolver.resolveConstructorArguments(ConstructorResolver.java:676)
 ½Èt	at org.springframework.beans.factory.support.ConstructorResolver.autowireConstructor(ConstructorResolver.java:188)
 ½È“	at org.springframework.beans.factory.support.AbstractAutowireCapableBeanFactory.autowireConstructor(AbstractAutowireCapableBeanFactory.java:1338)
 ½È’	at org.springframework.beans.factory.support.AbstractAutowireCapableBeanFactory.createBeanInstance(AbstractAutowireCapableBeanFactory.java:1185)
 ½È‹	at org.springframework.beans.factory.support.AbstractAutowireCapableBeanFactory.doCreateBean(AbstractAutowireCapableBeanFactory.java:554)
 ½È‰	at org.springframework.beans.factory.support.AbstractAutowireCapableBeanFactory.createBean(AbstractAutowireCapableBeanFactory.java:514)
 ½Ès	at org.springframework.beans.factory.support.AbstractBeanFactory.lambda$doGetBean$0(AbstractBeanFactory.java:321)
 ½È	at org.springframework.beans.factory.support.DefaultSingletonBeanRegistry.getSingleton(DefaultSingletonBeanRegistry.java:234)
 ½Èj	at org.springframework.beans.factory.support.AbstractBeanFactory.doGetBean(AbstractBeanFactory.java:319)
 ½Èh	at org.springframework.beans.factory.support.AbstractBeanFactory.getBean(AbstractBeanFactory.java:199)
 ½Èq	at org.springframework.beans.factory.xml.XmlBeanFactoryTests.testFailsOnInnerBean(XmlBeanFactoryTests.java:299)
 ½È@	at sun.reflect.NativeMethodAccessorImpl.invoke0(Native Method)
 ½ÈR	at sun.reflect.NativeMethodAccessorImpl.invoke(NativeMethodAccessorImpl.java:62)
 ½ÈZ	at sun.reflect.DelegatingMethodAccessorImpl.invoke(DelegatingMethodAccessorImpl.java:43)
 ½È5	at java.lang.reflect.Method.invoke(Method.java:498)
 ½ÈY	at org.junit.runners.model.FrameworkMethod$1.runReflectiveCall(FrameworkMethod.java:50)
 ½ÈX	at org.junit.internal.runners.model.ReflectiveCallable.run(ReflectiveCallable.java:12)
 ½ÈW	at org.junit.runners.model.FrameworkMethod.invokeExplosively(FrameworkMethod.java:47)
 ½ÈV	at org.junit.internal.runners.statements.InvokeMethod.evaluate(InvokeMethod.java:17)
 ½ÈB	at org.junit.runners.ParentRunner.runLeaf(ParentRunner.java:325)
 ½ÈV	at org.junit.runners.BlockJUnit4ClassRunner.runChild(BlockJUnit4ClassRunner.java:78)
 ½ÈV	at org.junit.runners.BlockJUnit4ClassRunner.runChild(BlockJUnit4ClassRunner.java:57)
 ½È@	at org.junit.runners.ParentRunner$3.run(ParentRunner.java:290)
 ½ÈD	at org.junit.runners.ParentRunner$1.schedule(ParentRunner.java:71)
 ½ÈF	at org.junit.runners.ParentRunner.runChildren(ParentRunner.java:288)
 ½ÈD	at org.junit.runners.ParentRunner.access$000(ParentRunner.java:58)
 ½ÈE	at org.junit.runners.ParentRunner$2.evaluate(ParentRunner.java:268)
 ½È>	at org.junit.runners.ParentRunner.run(ParentRunner.java:363)
 ½Èu	at org.gradle.api.internal.tasks.testing.junit.JUnitTestClassExecutor.runTestClass(JUnitTestClassExecutor.java:110)
 ½Èo	at org.gradle.api.internal.tasks.testing.junit.JUnitTestClassExecutor.execute(JUnitTestClassExecutor.java:58)
 ½Èo	at org.gradle.api.internal.tasks.testing.junit.JUnitTestClassExecutor.execute(JUnitTestClassExecutor.java:38)
 ½ÈŠ	at org.gradle.api.internal.tasks.testing.junit.AbstractJUnitTestClassProcessor.processTestClass(AbstractJUnitTestClassProcessor.java:62)
 ½Èt	at org.gradle.api.internal.tasks.testing.SuiteTestClassProcessor.processTestClass(SuiteTestClassProcessor.java:51)
 ½ÈA	at sun.reflect.GeneratedMethodAccessor54.invoke(Unknown Source)
 ½ÈZ	at sun.reflect.DelegatingMethodAccessorImpl.invoke(DelegatingMethodAccessorImpl.java:43)
 ½È5	at java.lang.reflect.Method.invoke(Method.java:498)
 ½ÈY	at org.gradle.internal.dispatch.ReflectionDispatch.dispatch(ReflectionDispatch.java:36)
 ½ÈY	at org.gradle.internal.dispatch.ReflectionDispatch.dispatch(ReflectionDispatch.java:24)
 ½Èi	at org.gradle.internal.dispatch.ContextClassLoaderDispatch.dispatch(ContextClassLoaderDispatch.java:33)
 ½Èx	at org.gradle.internal.dispatch.ProxyDispatchAdapter$DispatchingInvocationHandler.invoke(ProxyDispatchAdapter.java:94)
 ½È;	at com.sun.proxy.$Proxy2.processTestClass(Unknown Source)
 ½Èb	at org.gradle.api.internal.tasks.testing.worker.TestWorker.processTestClass(TestWorker.java:118)
 ½ÈA	at sun.reflect.GeneratedMethodAccessor53.invoke(Unknown Source)
 ½ÈZ	at sun.reflect.DelegatingMethodAccessorImpl.invoke(DelegatingMethodAccessorImpl.java:43)
 ½È5	at java.lang.reflect.Method.invoke(Method.java:498)
 ½ÈY	at org.gradle.internal.dispatch.ReflectionDispatch.dispatch(ReflectionDispatch.java:36)
 ½ÈY	at org.gradle.internal.dispatch.ReflectionDispatch.dispatch(ReflectionDispatch.java:24)
 ½È‘	at org.gradle.internal.remote.internal.hub.MessageHubBackedObjectConnection$DispatchWrapper.dispatch(MessageHubBackedObjectConnection.java:182)
 ½È‘	at org.gradle.internal.remote.internal.hub.MessageHubBackedObjectConnection$DispatchWrapper.dispatch(MessageHubBackedObjectConnection.java:164)
 ½ÈX	at org.gradle.internal.remote.internal.hub.MessageHub$Handler.run(MessageHub.java:412)
 ½Èk	at org.gradle.internal.concurrent.ExecutorPolicy$CatchAndRecordFailures.onExecute(ExecutorPolicy.java:64)
 ½ÈZ	at org.gradle.internal.concurrent.ManagedExecutorImpl$1.run(ManagedExecutorImpl.java:48)
 ½ÈT	at java.util.concurrent.ThreadPoolExecutor.runWorker(ThreadPoolExecutor.java:1149)
 ½ÈT	at java.util.concurrent.ThreadPoolExecutor$Worker.run(ThreadPoolExecutor.java:624)
 ½Èj	at org.gradle.internal.concurrent.ThreadFactoryImpl$ManagedThreadRunnable.run(ThreadFactoryImpl.java:56)
 ½È*	at java.lang.Thread.run(Thread.java:748)
 ½ÈíCaused by: org.springframework.beans.factory.BeanCreationException: Error creating bean with name 'innerBean#1' defined in class path resource [org/springframework/beans/factory/xml/XmlBeanFactoryTests-reftypes.xml]: Error setting property values; nested exception is org.springframework.beans.PropertyBatchUpdateException; nested PropertyAccessExceptions (1) are:
 ½È®PropertyAccessException 1: org.springframework.beans.MethodInvocationException: Property 'touchy' threw exception; nested exception is java.lang.Exception: Can't contain a .
 ½È“	at org.springframework.beans.factory.support.AbstractAutowireCapableBeanFactory.applyPropertyValues(AbstractAutowireCapableBeanFactory.java:1709)
 ½ÈŒ	at org.springframework.beans.factory.support.AbstractAutowireCapableBeanFactory.populateBean(AbstractAutowireCapableBeanFactory.java:1424)
 ½È‹	at org.springframework.beans.factory.support.AbstractAutowireCapableBeanFactory.doCreateBean(AbstractAutowireCapableBeanFactory.java:591)
 ½È‰	at org.springframework.beans.factory.support.AbstractAutowireCapableBeanFactory.createBean(AbstractAutowireCapableBeanFactory.java:514)
 ½È	at org.springframework.beans.factory.support.BeanDefinitionValueResolver.resolveInnerBean(BeanDefinitionValueResolver.java:346)
 ½È	... 57 more
 ½ÈlCaused by: org.springframework.beans.PropertyBatchUpdateException; nested PropertyAccessExceptions (1) are:
 ½È®PropertyAccessException 1: org.springframework.beans.MethodInvocationException: Property 'touchy' threw exception; nested exception is java.lang.Exception: Can't contain a .
 ½Èl	at org.springframework.beans.AbstractPropertyAccessor.setPropertyValues(AbstractPropertyAccessor.java:135)
 ½Èk	at org.springframework.beans.AbstractPropertyAccessor.setPropertyValues(AbstractPropertyAccessor.java:79)
 ½È“	at org.springframework.beans.factory.support.AbstractAutowireCapableBeanFactory.applyPropertyValues(AbstractAutowireCapableBeanFactory.java:1705)
 ½È	... 61 more
 ½ãøorg.springframework.beans.factory.BeanCreationException: Error creating bean with name 'lenientDependencyTestBeanFactoryMethod' defined in class path resource [org/springframework/beans/factory/xml/XmlBeanFactoryTests-constructorArg.xml]: Ambiguous factory method matches found in bean 'lenientDependencyTestBeanFactoryMethod' (hint: specify index/type/name arguments for simple parameters to avoid type ambiguities): [public static org.springframework.beans.factory.xml.XmlBeanFactoryTests$LenientDependencyTestBean org.springframework.beans.factory.xml.XmlBeanFactoryTests$LenientDependencyTestBean.create(org.springframework.tests.sample.beans.TestBean), public static org.springframework.beans.factory.xml.XmlBeanFactoryTests$LenientDependencyTestBean org.springframework.beans.factory.xml.XmlBeanFactoryTests$LenientDependencyTestBean.create(org.springframework.tests.sample.beans.DerivedTestBean), public static org.springframework.beans.factory.xml.XmlBeanFactoryTests$LenientDependencyTestBean org.springframework.beans.factory.xml.XmlBeanFactoryTests$LenientDependencyTestBean.create(org.springframework.tests.sample.beans.ITestBean)]
 ½ã~	at org.springframework.beans.factory.support.ConstructorResolver.instantiateUsingFactoryMethod(ConstructorResolver.java:594)
 ½ã	at org.springframework.beans.factory.support.AbstractAutowireCapableBeanFactory.instantiateUsingFactoryMethod(AbstractAutowireCapableBeanFactory.java:1318)
 ½ã’	at org.springframework.beans.factory.support.AbstractAutowireCapableBeanFactory.createBeanInstance(AbstractAutowireCapableBeanFactory.java:1158)
 ½ã‹	at org.springframework.beans.factory.support.AbstractAutowireCapableBeanFactory.doCreateBean(AbstractAutowireCapableBeanFactory.java:554)
 ½ã‰	at org.springframework.beans.factory.support.AbstractAutowireCapableBeanFactory.createBean(AbstractAutowireCapableBeanFactory.java:514)
 ½ãj	at org.springframework.beans.factory.support.AbstractBeanFactory.doGetBean(AbstractBeanFactory.java:339)
 ½ãh	at org.springframework.beans.factory.support.AbstractBeanFactory.getBean(AbstractBeanFactory.java:199)
 ½ã‹	at org.springframework.beans.factory.xml.XmlBeanFactoryTests.testNonLenientDependencyMatchingFactoryMethod(XmlBeanFactoryTests.java:1493)
 ½ã@	at sun.reflect.NativeMethodAccessorImpl.invoke0(Native Method)
 ½ãR	at sun.reflect.NativeMethodAccessorImpl.invoke(NativeMethodAccessorImpl.java:62)
 ½ãZ	at sun.reflect.DelegatingMethodAccessorImpl.invoke(DelegatingMethodAccessorImpl.java:43)
 ½ã5	at java.lang.reflect.Method.invoke(Method.java:498)
 ½ãY	at org.junit.runners.model.FrameworkMethod$1.runReflectiveCall(FrameworkMethod.java:50)
 ½ãX	at org.junit.internal.runners.model.ReflectiveCallable.run(ReflectiveCallable.java:12)
 ½ãW	at org.junit.runners.model.FrameworkMethod.invokeExplosively(FrameworkMethod.java:47)
 ½ãV	at org.junit.internal.runners.statements.InvokeMethod.evaluate(InvokeMethod.java:17)
 ½ãB	at org.junit.runners.ParentRunner.runLeaf(ParentRunner.java:325)
 ½ãV	at org.junit.runners.BlockJUnit4ClassRunner.runChild(BlockJUnit4ClassRunner.java:78)
 ½ãV	at org.junit.runners.BlockJUnit4ClassRunner.runChild(BlockJUnit4ClassRunner.java:57)
 ½ã@	at org.junit.runners.ParentRunner$3.run(ParentRunner.java:290)
 ½ãD	at org.junit.runners.ParentRunner$1.schedule(ParentRunner.java:71)
 ½ãF	at org.junit.runners.ParentRunner.runChildren(ParentRunner.java:288)
 ½ãD	at org.junit.runners.ParentRunner.access$000(ParentRunner.java:58)
 ½ãE	at org.junit.runners.ParentRunner$2.evaluate(ParentRunner.java:268)
 ½ã>	at org.junit.runners.ParentRunner.run(ParentRunner.java:363)
 ½ãu	at org.gradle.api.internal.tasks.testing.junit.JUnitTestClassExecutor.runTestClass(JUnitTestClassExecutor.java:110)
 ½ão	at org.gradle.api.internal.tasks.testing.junit.JUnitTestClassExecutor.execute(JUnitTestClassExecutor.java:58)
 ½ão	at org.gradle.api.internal.tasks.testing.junit.JUnitTestClassExecutor.execute(JUnitTestClassExecutor.java:38)
 ½ãŠ	at org.gradle.api.internal.tasks.testing.junit.AbstractJUnitTestClassProcessor.processTestClass(AbstractJUnitTestClassProcessor.java:62)
 ½ãt	at org.gradle.api.internal.tasks.testing.SuiteTestClassProcessor.processTestClass(SuiteTestClassProcessor.java:51)
 ½ãA	at sun.reflect.GeneratedMethodAccessor54.invoke(Unknown Source)
 ½ãZ	at sun.reflect.DelegatingMethodAccessorImpl.invoke(DelegatingMethodAccessorImpl.java:43)
 ½ã5	at java.lang.reflect.Method.invoke(Method.java:498)
 ½ãY	at org.gradle.internal.dispatch.ReflectionDispatch.dispatch(ReflectionDispatch.java:36)
 ½ãY	at org.gradle.internal.dispatch.ReflectionDispatch.dispatch(ReflectionDispatch.java:24)
 ½ãi	at org.gradle.internal.dispatch.ContextClassLoaderDispatch.dispatch(ContextClassLoaderDispatch.java:33)
 ½ãx	at org.gradle.internal.dispatch.ProxyDispatchAdapter$DispatchingInvocationHandler.invoke(ProxyDispatchAdapter.java:94)
 ½ã;	at com.sun.proxy.$Proxy2.processTestClass(Unknown Source)
 ½ãb	at org.gradle.api.internal.tasks.testing.worker.TestWorker.processTestClass(TestWorker.java:118)
 ½ãA	at sun.reflect.GeneratedMethodAccessor53.invoke(Unknown Source)
 ½ãZ	at sun.reflect.DelegatingMethodAccessorImpl.invoke(DelegatingMethodAccessorImpl.java:43)
 ½ã5	at java.lang.reflect.Method.invoke(Method.java:498)
 ½ãY	at org.gradle.internal.dispatch.ReflectionDispatch.dispatch(ReflectionDispatch.java:36)
 ½ãY	at org.gradle.internal.dispatch.ReflectionDispatch.dispatch(ReflectionDispatch.java:24)
 ½ã‘	at org.gradle.internal.remote.internal.hub.MessageHubBackedObjectConnection$DispatchWrapper.dispatch(MessageHubBackedObjectConnection.java:182)
 ½ã‘	at org.gradle.internal.remote.internal.hub.MessageHubBackedObjectConnection$DispatchWrapper.dispatch(MessageHubBackedObjectConnection.java:164)
 ½ãX	at org.gradle.internal.remote.internal.hub.MessageHub$Handler.run(MessageHub.java:412)
 ½ãk	at org.gradle.internal.concurrent.ExecutorPolicy$CatchAndRecordFailures.onExecute(ExecutorPolicy.java:64)
 ½ãZ	at org.gradle.internal.concurrent.ManagedExecutorImpl$1.run(ManagedExecutorImpl.java:48)
 ½ãT	at java.util.concurrent.ThreadPoolExecutor.runWorker(ThreadPoolExecutor.java:1149)
 ½ãT	at java.util.concurrent.ThreadPoolExecutor$Worker.run(ThreadPoolExecutor.java:624)
 ½ãj	at org.gradle.internal.concurrent.ThreadFactoryImpl$ManagedThreadRunnable.run(ThreadFactoryImpl.java:56)
 ½ã*	at java.lang.Thread.run(Thread.java:748)
 ½ùéorg.springframework.beans.factory.BeanCreationException: Error creating bean with name 'rod2Accessor' defined in class path resource [org/springframework/beans/factory/xml/XmlBeanFactoryTests-constructorArg.xml]: Error setting property values; nested exception is org.springframework.beans.PropertyBatchUpdateException; nested PropertyAccessExceptions (1) are:
 ½ù®PropertyAccessException 1: org.springframework.beans.MethodInvocationException: Property 'touchy' threw exception; nested exception is java.lang.Exception: Can't contain a .
 ½ù“	at org.springframework.beans.factory.support.AbstractAutowireCapableBeanFactory.applyPropertyValues(AbstractAutowireCapableBeanFactory.java:1709)
 ½ùŒ	at org.springframework.beans.factory.support.AbstractAutowireCapableBeanFactory.populateBean(AbstractAutowireCapableBeanFactory.java:1424)
 ½ù‹	at org.springframework.beans.factory.support.AbstractAutowireCapableBeanFactory.doCreateBean(AbstractAutowireCapableBeanFactory.java:591)
 ½ù‰	at org.springframework.beans.factory.support.AbstractAutowireCapableBeanFactory.createBean(AbstractAutowireCapableBeanFactory.java:514)
 ½ùs	at org.springframework.beans.factory.support.AbstractBeanFactory.lambda$doGetBean$0(AbstractBeanFactory.java:321)
 ½ù	at org.springframework.beans.factory.support.DefaultSingletonBeanRegistry.getSingleton(DefaultSingletonBeanRegistry.java:234)
 ½ùj	at org.springframework.beans.factory.support.AbstractBeanFactory.doGetBean(AbstractBeanFactory.java:319)
 ½ùh	at org.springframework.beans.factory.support.AbstractBeanFactory.getBean(AbstractBeanFactory.java:199)
 ½ù‡	at org.springframework.beans.factory.xml.XmlBeanFactoryTests.testRelatedCausesFromConstructorResolution(XmlBeanFactoryTests.java:934)
 ½ù@	at sun.reflect.NativeMethodAccessorImpl.invoke0(Native Method)
 ½ùR	at sun.reflect.NativeMethodAccessorImpl.invoke(NativeMethodAccessorImpl.java:62)
 ½ùZ	at sun.reflect.DelegatingMethodAccessorImpl.invoke(DelegatingMethodAccessorImpl.java:43)
 ½ù5	at java.lang.reflect.Method.invoke(Method.java:498)
 ½ùY	at org.junit.runners.model.FrameworkMethod$1.runReflectiveCall(FrameworkMethod.java:50)
 ½ùX	at org.junit.internal.runners.model.ReflectiveCallable.run(ReflectiveCallable.java:12)
 ½ùW	at org.junit.runners.model.FrameworkMethod.invokeExplosively(FrameworkMethod.java:47)
 ½ùV	at org.junit.internal.runners.statements.InvokeMethod.evaluate(InvokeMethod.java:17)
 ½ùB	at org.junit.runners.ParentRunner.runLeaf(ParentRunner.java:325)
 ½ùV	at org.junit.runners.BlockJUnit4ClassRunner.runChild(BlockJUnit4ClassRunner.java:78)
 ½ùV	at org.junit.runners.BlockJUnit4ClassRunner.runChild(BlockJUnit4ClassRunner.java:57)
 ½ù@	at org.junit.runners.ParentRunner$3.run(ParentRunner.java:290)
 ½ùD	at org.junit.runners.ParentRunner$1.schedule(ParentRunner.java:71)
 ½ùF	at org.junit.runners.ParentRunner.runChildren(ParentRunner.java:288)
 ½ùD	at org.junit.runners.ParentRunner.access$000(ParentRunner.java:58)
 ½ùE	at org.junit.runners.ParentRunner$2.evaluate(ParentRunner.java:268)
 ½ù>	at org.junit.runners.ParentRunner.run(ParentRunner.java:363)
 ½ùu	at org.gradle.api.internal.tasks.testing.junit.JUnitTestClassExecutor.runTestClass(JUnitTestClassExecutor.java:110)
 ½ùo	at org.gradle.api.internal.tasks.testing.junit.JUnitTestClassExecutor.execute(JUnitTestClassExecutor.java:58)
 ½ùo	at org.gradle.api.internal.tasks.testing.junit.JUnitTestClassExecutor.execute(JUnitTestClassExecutor.java:38)
 ½ùŠ	at org.gradle.api.internal.tasks.testing.junit.AbstractJUnitTestClassProcessor.processTestClass(AbstractJUnitTestClassProcessor.java:62)
 ½ùt	at org.gradle.api.internal.tasks.testing.SuiteTestClassProcessor.processTestClass(SuiteTestClassProcessor.java:51)
 ½ùA	at sun.reflect.GeneratedMethodAccessor54.invoke(Unknown Source)
 ½ùZ	at sun.reflect.DelegatingMethodAccessorImpl.invoke(DelegatingMethodAccessorImpl.java:43)
 ½ù5	at java.lang.reflect.Method.invoke(Method.java:498)
 ½ùY	at org.gradle.internal.dispatch.ReflectionDispatch.dispatch(ReflectionDispatch.java:36)
 ½ùY	at org.gradle.internal.dispatch.ReflectionDispatch.dispatch(ReflectionDispatch.java:24)
 ½ùi	at org.gradle.internal.dispatch.ContextClassLoaderDispatch.dispatch(ContextClassLoaderDispatch.java:33)
 ½ùx	at org.gradle.internal.dispatch.ProxyDispatchAdapter$DispatchingInvocationHandler.invoke(ProxyDispatchAdapter.java:94)
 ½ù;	at com.sun.proxy.$Proxy2.processTestClass(Unknown Source)
 ½ùb	at org.gradle.api.internal.tasks.testing.worker.TestWorker.processTestClass(TestWorker.java:118)
 ½ùA	at sun.reflect.GeneratedMethodAccessor53.invoke(Unknown Source)
 ½ùZ	at sun.reflect.DelegatingMethodAccessorImpl.invoke(DelegatingMethodAccessorImpl.java:43)
 ½ù5	at java.lang.reflect.Method.invoke(Method.java:498)
 ½ùY	at org.gradle.internal.dispatch.ReflectionDispatch.dispatch(ReflectionDispatch.java:36)
 ½ùY	at org.gradle.internal.dispatch.ReflectionDispatch.dispatch(ReflectionDispatch.java:24)
 ½ù‘	at org.gradle.internal.remote.internal.hub.MessageHubBackedObjectConnection$DispatchWrapper.dispatch(MessageHubBackedObjectConnection.java:182)
 ½ù‘	at org.gradle.internal.remote.internal.hub.MessageHubBackedObjectConnection$DispatchWrapper.dispatch(MessageHubBackedObjectConnection.java:164)
 ½ùX	at org.gradle.internal.remote.internal.hub.MessageHub$Handler.run(MessageHub.java:412)
 ½ùk	at org.gradle.internal.concurrent.ExecutorPolicy$CatchAndRecordFailures.onExecute(ExecutorPolicy.java:64)
 ½ùZ	at org.gradle.internal.concurrent.ManagedExecutorImpl$1.run(ManagedExecutorImpl.java:48)
 ½ùT	at java.util.concurrent.ThreadPoolExecutor.runWorker(ThreadPoolExecutor.java:1149)
 ½ùT	at java.util.concurrent.ThreadPoolExecutor$Worker.run(ThreadPoolExecutor.java:624)
 ½ùj	at org.gradle.internal.concurrent.ThreadFactoryImpl$ManagedThreadRunnable.run(ThreadFactoryImpl.java:56)
 ½ù*	at java.lang.Thread.run(Thread.java:748)
 ½ùlCaused by: org.springframework.beans.PropertyBatchUpdateException; nested PropertyAccessExceptions (1) are:
 ½ù®PropertyAccessException 1: org.springframework.beans.MethodInvocationException: Property 'touchy' threw exception; nested exception is java.lang.Exception: Can't contain a .
 ½ùl	at org.springframework.beans.AbstractPropertyAccessor.setPropertyValues(AbstractPropertyAccessor.java:135)
 ½ùk	at org.springframework.beans.AbstractPropertyAccessor.setPropertyValues(AbstractPropertyAccessor.java:79)
 ½ù“	at org.springframework.beans.factory.support.AbstractAutowireCapableBeanFactory.applyPropertyValues(AbstractAutowireCapableBeanFactory.java:1705)
 ½ù	... 53 more
 ½”µorg.springframework.beans.factory.BeanCreationException: Error creating bean with name 'lenientDependencyTestBean' defined in class path resource [org/springframework/beans/factory/xml/XmlBeanFactoryTests-constructorArg.xml]: Ambiguous constructor matches found in bean 'lenientDependencyTestBean' (hint: specify index/type/name arguments for simple parameters to avoid type ambiguities): [public org.springframework.beans.factory.xml.XmlBeanFactoryTests$LenientDependencyTestBean(org.springframework.tests.sample.beans.DerivedTestBean), public org.springframework.beans.factory.xml.XmlBeanFactoryTests$LenientDependencyTestBean(org.springframework.tests.sample.beans.TestBean), public org.springframework.beans.factory.xml.XmlBeanFactoryTests$LenientDependencyTestBean(org.springframework.tests.sample.beans.ITestBean)]
 ½”t	at org.springframework.beans.factory.support.ConstructorResolver.autowireConstructor(ConstructorResolver.java:273)
 ½”“	at org.springframework.beans.factory.support.AbstractAutowireCapableBeanFactory.autowireConstructor(AbstractAutowireCapableBeanFactory.java:1338)
 ½”’	at org.springframework.beans.factory.support.AbstractAutowireCapableBeanFactory.createBeanInstance(AbstractAutowireCapableBeanFactory.java:1185)
 ½”‹	at org.springframework.beans.factory.support.AbstractAutowireCapableBeanFactory.doCreateBean(AbstractAutowireCapableBeanFactory.java:554)
 ½”‰	at org.springframework.beans.factory.support.AbstractAutowireCapableBeanFactory.createBean(AbstractAutowireCapableBeanFactory.java:514)
 ½”j	at org.springframework.beans.factory.support.AbstractBeanFactory.doGetBean(AbstractBeanFactory.java:339)
 ½”h	at org.springframework.beans.factory.support.AbstractBeanFactory.getBean(AbstractBeanFactory.java:199)
 ½”~	at org.springframework.beans.factory.xml.XmlBeanFactoryTests.testNonLenientDependencyMatching(XmlBeanFactoryTests.java:1476)
 ½”@	at sun.reflect.NativeMethodAccessorImpl.invoke0(Native Method)
 ½”R	at sun.reflect.NativeMethodAccessorImpl.invoke(NativeMethodAccessorImpl.java:62)
 ½”Z	at sun.reflect.DelegatingMethodAccessorImpl.invoke(DelegatingMethodAccessorImpl.java:43)
 ½”5	at java.lang.reflect.Method.invoke(Method.java:498)
 ½”Y	at org.junit.runners.model.FrameworkMethod$1.runReflectiveCall(FrameworkMethod.java:50)
 ½”X	at org.junit.internal.runners.model.ReflectiveCallable.run(ReflectiveCallable.java:12)
 ½”W	at org.junit.runners.model.FrameworkMethod.invokeExplosively(FrameworkMethod.java:47)
 ½”V	at org.junit.internal.runners.statements.InvokeMethod.evaluate(InvokeMethod.java:17)
 ½”B	at org.junit.runners.ParentRunner.runLeaf(ParentRunner.java:325)
 ½”V	at org.junit.runners.BlockJUnit4ClassRunner.runChild(BlockJUnit4ClassRunner.java:78)
 ½”V	at org.junit.runners.BlockJUnit4ClassRunner.runChild(BlockJUnit4ClassRunner.java:57)
 ½”@	at org.junit.runners.ParentRunner$3.run(ParentRunner.java:290)
 ½”D	at org.junit.runners.ParentRunner$1.schedule(ParentRunner.java:71)
 ½”F	at org.junit.runners.ParentRunner.runChildren(ParentRunner.java:288)
 ½”D	at org.junit.runners.ParentRunner.access$000(ParentRunner.java:58)
 ½”E	at org.junit.runners.ParentRunner$2.evaluate(ParentRunner.java:268)
 ½”>	at org.junit.runners.ParentRunner.run(ParentRunner.java:363)
 ½”u	at org.gradle.api.internal.tasks.testing.junit.JUnitTestClassExecutor.runTestClass(JUnitTestClassExecutor.java:110)
 ½”o	at org.gradle.api.internal.tasks.testing.junit.JUnitTestClassExecutor.execute(JUnitTestClassExecutor.java:58)
 ½”o	at org.gradle.api.internal.tasks.testing.junit.JUnitTestClassExecutor.execute(JUnitTestClassExecutor.java:38)
 ½”Š	at org.gradle.api.internal.tasks.testing.junit.AbstractJUnitTestClassProcessor.processTestClass(AbstractJUnitTestClassProcessor.java:62)
 ½”t	at org.gradle.api.internal.tasks.testing.SuiteTestClassProcessor.processTestClass(SuiteTestClassProcessor.java:51)
 ½”A	at sun.reflect.GeneratedMethodAccessor54.invoke(Unknown Source)
 ½”Z	at sun.reflect.DelegatingMethodAccessorImpl.invoke(DelegatingMethodAccessorImpl.java:43)
 ½”5	at java.lang.reflect.Method.invoke(Method.java:498)
 ½”Y	at org.gradle.internal.dispatch.ReflectionDispatch.dispatch(ReflectionDispatch.java:36)
 ½”Y	at org.gradle.internal.dispatch.ReflectionDispatch.dispatch(ReflectionDispatch.java:24)
 ½”i	at org.gradle.internal.dispatch.ContextClassLoaderDispatch.dispatch(ContextClassLoaderDispatch.java:33)
 ½”x	at org.gradle.internal.dispatch.ProxyDispatchAdapter$DispatchingInvocationHandler.invoke(ProxyDispatchAdapter.java:94)
 ½”;	at com.sun.proxy.$Proxy2.processTestClass(Unknown Source)
 ½”b	at org.gradle.api.internal.tasks.testing.worker.TestWorker.processTestClass(TestWorker.java:118)
 ½”A	at sun.reflect.GeneratedMethodAccessor53.invoke(Unknown Source)
 ½”Z	at sun.reflect.DelegatingMethodAccessorImpl.invoke(DelegatingMethodAccessorImpl.java:43)
 ½”5	at java.lang.reflect.Method.invoke(Method.java:498)
 ½”Y	at org.gradle.internal.dispatch.ReflectionDispatch.dispatch(ReflectionDispatch.java:36)
 ½”Y	at org.gradle.internal.dispatch.ReflectionDispatch.dispatch(ReflectionDispatch.java:24)
 ½”‘	at org.gradle.internal.remote.internal.hub.MessageHubBackedObjectConnection$DispatchWrapper.dispatch(MessageHubBackedObjectConnection.java:182)
 ½”‘	at org.gradle.internal.remote.internal.hub.MessageHubBackedObjectConnection$DispatchWrapper.dispatch(MessageHubBackedObjectConnection.java:164)
 ½”X	at org.gradle.internal.remote.internal.hub.MessageHub$Handler.run(MessageHub.java:412)
 ½”k	at org.gradle.internal.concurrent.ExecutorPolicy$CatchAndRecordFailures.onExecute(ExecutorPolicy.java:64)
 ½”Z	at org.gradle.internal.concurrent.ManagedExecutorImpl$1.run(ManagedExecutorImpl.java:48)
 ½”T	at java.util.concurrent.ThreadPoolExecutor.runWorker(ThreadPoolExecutor.java:1149)
 ½”T	at java.util.concurrent.ThreadPoolExecutor$Worker.run(ThreadPoolExecutor.java:624)
 ½”j	at org.gradle.internal.concurrent.ThreadFactoryImpl$ManagedThreadRunnable.run(ThreadFactoryImpl.java:56)
 ½”*	at java.lang.Thread.run(Thread.java:748)
™ž§22:55:31.527 [Test worker] WARN  o.s.c.s.StaticApplicationContext - Exception encountered during context initialization - cancelling refresh attempt: org.springframework.beans.factory.UnsatisfiedDependencyException: Error creating bean with name 'testBean': Unsatisfied dependency expressed through field 'anonymous'; nested exception is org.springframework.beans.factory.NoUniqueBeanDefinitionException: No qualifying bean of type 'org.springframework.beans.factory.xml.QualifierAnnotationTests$Person' available: expected single matching bean but found 6: larryBean,org.springframework.beans.factory.xml.QualifierAnnotationTests$Person#0,org.springframework.beans.factory.xml.QualifierAnnotationTests$SpecialPerson#0,org.springframework.beans.factory.xml.QualifierAnnotationTests$Person#1,org.springframework.beans.factory.xml.QualifierAnnotationTests$Person#2,org.springframework.beans.factory.xml.QualifierAnnotationTests$Person#3
™¢§22:55:31.571 [Test worker] WARN  o.s.c.s.StaticApplicationContext - Exception encountered during context initialization - cancelling refresh attempt: org.springframework.beans.factory.UnsatisfiedDependencyException: Error creating bean with name 'testBean': Unsatisfied dependency expressed through field 'moeSenior'; nested exception is org.springframework.beans.factory.NoUniqueBeanDefinitionException: No qualifying bean of type 'org.springframework.beans.factory.xml.QualifierAnnotationTests$Person' available: expected single matching bean but found 6: larryBean,org.springframework.beans.factory.xml.QualifierAnnotationTests$Person#0,org.springframework.beans.factory.xml.QualifierAnnotationTests$SpecialPerson#0,org.springframework.beans.factory.xml.QualifierAnnotationTests$Person#1,org.springframework.beans.factory.xml.QualifierAnnotationTests$Person#2,org.springframework.beans.factory.xml.QualifierAnnotationTests$Person#3
§ªÙ22:55:31.621 [Test worker] WARN  o.s.c.s.GenericApplicationContext - Exception encountered during context initialization - cancelling refresh attempt: org.springframework.beans.factory.UnsatisfiedDependencyException: Error creating bean with name 'autowired': Unsatisfied dependency expressed through constructor parameter 0; nested exception is org.springframework.beans.factory.NoSuchBeanDefinitionException: No qualifying bean of type 'org.springframework.beans.factory.support.QualifierAnnotationAutowireContextTests$Person' available: expected at least 1 bean which qualifies as autowire candidate. Dependency annotations: {@org.springframework.beans.factory.support.QualifierAnnotationAutowireContextTests$TestQualifier()}
§«Ç22:55:31.623 [Test worker] WARN  o.s.c.s.GenericApplicationContext - Exception encountered during context initialization - cancelling refresh attempt: org.springframework.beans.factory.UnsatisfiedDependencyException: Error creating bean with name 'autowired': Unsatisfied dependency expressed through field 'person'; nested exception is org.springframework.beans.factory.NoSuchBeanDefinitionException: No qualifying bean of type 'org.springframework.beans.factory.support.QualifierAnnotationAutowireContextTests$Person' available: expected at least 1 bean which qualifies as autowire candidate. Dependency annotations: {@org.springframework.beans.factory.annotation.Autowired(required=true), @org.springframework.beans.factory.support.QualifierAnnotationAutowireContextTests$TestQualifierWithMultipleAttributes(value=default, number=123)}
§¬Ù22:55:31.624 [Test worker] WARN  o.s.c.s.GenericApplicationContext - Exception encountered during context initialization - cancelling refresh attempt: org.springframework.beans.factory.UnsatisfiedDependencyException: Error creating bean with name 'autowired': Unsatisfied dependency expressed through constructor parameter 0; nested exception is org.springframework.beans.factory.NoSuchBeanDefinitionException: No qualifying bean of type 'org.springframework.beans.factory.support.QualifierAnnotationAutowireContextTests$Person' available: expected at least 1 bean which qualifies as autowire candidate. Dependency annotations: {@org.springframework.beans.factory.support.QualifierAnnotationAutowireContextTests$TestQualifier()}
§­à22:55:31.627 [Test worker] WARN  o.s.c.s.GenericApplicationContext - Exception encountered during context initialization - cancelling refresh attempt: org.springframework.beans.factory.UnsatisfiedDependencyException: Error creating bean with name 'autowired': Unsatisfied dependency expressed through method 'setPerson' parameter 0; nested exception is org.springframework.beans.factory.NoSuchBeanDefinitionException: No qualifying bean of type 'org.springframework.beans.factory.support.QualifierAnnotationAutowireContextTests$Person' available: expected at least 1 bean which qualifies as autowire candidate. Dependency annotations: {@org.springframework.beans.factory.support.QualifierAnnotationAutowireContextTests$TestQualifier()}
§°à22:55:31.632 [Test worker] WARN  o.s.c.s.GenericApplicationContext - Exception encountered during context initialization - cancelling refresh attempt: org.springframework.beans.factory.UnsatisfiedDependencyException: Error creating bean with name 'autowired': Unsatisfied dependency expressed through method 'setPerson' parameter 0; nested exception is org.springframework.beans.factory.NoSuchBeanDefinitionException: No qualifying bean of type 'org.springframework.beans.factory.support.QualifierAnnotationAutowireContextTests$Person' available: expected at least 1 bean which qualifies as autowire candidate. Dependency annotations: {@org.springframework.beans.factory.support.QualifierAnnotationAutowireContextTests$TestQualifier()}
§³Û22:55:31.643 [Test worker] WARN  o.s.c.s.GenericApplicationContext - Exception encountered during context initialization - cancelling refresh attempt: org.springframework.beans.factory.UnsatisfiedDependencyException: Error creating bean with name 'autowired': Unsatisfied dependency expressed through constructor parameter 0; nested exception is org.springframework.beans.factory.NoUniqueBeanDefinitionException: No qualifying bean of type 'org.springframework.beans.factory.support.QualifierAnnotationAutowireContextTests$Person' available: expected single matching bean but found 2: juergen1,juergen2
§¸˜22:55:31.647 [Test worker] WARN  o.s.c.s.GenericApplicationContext - Exception encountered during context initialization - cancelling refresh attempt: org.springframework.beans.factory.UnsatisfiedDependencyException: Error creating bean with name 'autowired': Unsatisfied dependency expressed through field 'person'; nested exception is org.springframework.beans.factory.NoSuchBeanDefinitionException: No qualifying bean of type 'org.springframework.beans.factory.support.QualifierAnnotationAutowireContextTests$Person' available: expected at least 1 bean which qualifies as autowire candidate. Dependency annotations: {@org.springframework.beans.factory.annotation.Autowired(required=true), @org.springframework.beans.factory.support.QualifierAnnotationAutowireContextTests$TestQualifier()}
§»µ22:55:31.652 [Test worker] WARN  o.s.c.s.GenericApplicationContext - Exception encountered during context initialization - cancelling refresh attempt: org.springframework.beans.factory.UnsatisfiedDependencyException: Error creating bean with name 'autowired': Unsatisfied dependency expressed through field 'person'; nested exception is org.springframework.beans.factory.NoSuchBeanDefinitionException: No qualifying bean of type 'org.springframework.beans.factory.support.QualifierAnnotationAutowireContextTests$Person' available: expected at least 1 bean which qualifies as autowire candidate. Dependency annotations: {@org.springframework.beans.factory.annotation.Autowired(required=true), @org.springframework.beans.factory.support.QualifierAnnotationAutowireContextTests$TestQualifierWithDefaultValue(value=default)}
§¼Í22:55:31.654 [Test worker] WARN  o.s.c.s.GenericApplicationContext - Exception encountered during context initialization - cancelling refresh attempt: org.springframework.beans.factory.UnsatisfiedDependencyException: Error creating bean with name 'autowired': Unsatisfied dependency expressed through field 'person'; nested exception is org.springframework.beans.factory.NoUniqueBeanDefinitionException: No qualifying bean of type 'org.springframework.beans.factory.support.QualifierAnnotationAutowireContextTests$Person' available: expected single matching bean but found 2: juergen,mark
§¾˜22:55:31.657 [Test worker] WARN  o.s.c.s.GenericApplicationContext - Exception encountered during context initialization - cancelling refresh attempt: org.springframework.beans.factory.UnsatisfiedDependencyException: Error creating bean with name 'autowired': Unsatisfied dependency expressed through field 'person'; nested exception is org.springframework.beans.factory.NoSuchBeanDefinitionException: No qualifying bean of type 'org.springframework.beans.factory.support.QualifierAnnotationAutowireContextTests$Person' available: expected at least 1 bean which qualifies as autowire candidate. Dependency annotations: {@org.springframework.beans.factory.annotation.Autowired(required=true), @org.springframework.beans.factory.support.QualifierAnnotationAutowireContextTests$TestQualifier()}
ÁÂâ22:55:31.667 [Test worker] WARN  o.s.c.s.GenericApplicationContext - Exception encountered during context initialization - cancelling refresh attempt: org.springframework.beans.factory.UnsatisfiedDependencyException: Error creating bean with name 'autowired': Unsatisfied dependency expressed through field 'person'; nested exception is org.springframework.beans.factory.NoSuchBeanDefinitionException: No qualifying bean of type 'org.springframework.beans.factory.support.InjectAnnotationAutowireContextTests$Person' available: expected at least 1 bean which qualifies as autowire candidate. Dependency annotations: {@javax.inject.Inject(), @org.springframework.beans.factory.support.InjectAnnotationAutowireContextTests$TestQualifier()}
ÁÄ‘22:55:31.671 [Test worker] WARN  o.s.c.s.GenericApplicationContext - Exception encountered during context initialization - cancelling refresh attempt: org.springframework.beans.factory.UnsatisfiedDependencyException: Error creating bean with name 'autowired': Unsatisfied dependency expressed through field 'person'; nested exception is org.springframework.beans.factory.NoSuchBeanDefinitionException: No qualifying bean of type 'org.springframework.beans.factory.support.InjectAnnotationAutowireContextTests$Person' available: expected at least 1 bean which qualifies as autowire candidate. Dependency annotations: {@javax.inject.Inject(), @org.springframework.beans.factory.support.InjectAnnotationAutowireContextTests$TestQualifierWithMultipleAttributes(value=default, number=123)}
ÁÉÓ22:55:31.680 [Test worker] WARN  o.s.c.s.GenericApplicationContext - Exception encountered during context initialization - cancelling refresh attempt: org.springframework.beans.factory.UnsatisfiedDependencyException: Error creating bean with name 'autowired': Unsatisfied dependency expressed through constructor parameter 0; nested exception is org.springframework.beans.factory.NoSuchBeanDefinitionException: No qualifying bean of type 'org.springframework.beans.factory.support.InjectAnnotationAutowireContextTests$Person' available: expected at least 1 bean which qualifies as autowire candidate. Dependency annotations: {@org.springframework.beans.factory.support.InjectAnnotationAutowireContextTests$TestQualifier()}
ÁË–22:55:31.683 [Test worker] WARN  o.s.c.s.GenericApplicationContext - Exception encountered during context initialization - cancelling refresh attempt: org.springframework.beans.factory.UnsatisfiedDependencyException: Error creating bean with name 'autowired': Unsatisfied dependency expressed through constructor parameter 0; nested exception is org.springframework.beans.factory.NoSuchBeanDefinitionException: No qualifying bean of type 'org.springframework.beans.factory.support.InjectAnnotationAutowireContextTests$Person' available: expected at least 1 bean which qualifies as autowire candidate. Dependency annotations: {@javax.inject.Named(value=juergen)}
ÁÌÓ22:55:31.684 [Test worker] WARN  o.s.c.s.GenericApplicationContext - Exception encountered during context initialization - cancelling refresh attempt: org.springframework.beans.factory.UnsatisfiedDependencyException: Error creating bean with name 'autowired': Unsatisfied dependency expressed through constructor parameter 0; nested exception is org.springframework.beans.factory.NoSuchBeanDefinitionException: No qualifying bean of type 'org.springframework.beans.factory.support.InjectAnnotationAutowireContextTests$Person' available: expected at least 1 bean which qualifies as autowire candidate. Dependency annotations: {@org.springframework.beans.factory.support.InjectAnnotationAutowireContextTests$TestQualifier()}
ÁÍÚ22:55:31.685 [Test worker] WARN  o.s.c.s.GenericApplicationContext - Exception encountered during context initialization - cancelling refresh attempt: org.springframework.beans.factory.UnsatisfiedDependencyException: Error creating bean with name 'autowired': Unsatisfied dependency expressed through method 'setPerson' parameter 0; nested exception is org.springframework.beans.factory.NoSuchBeanDefinitionException: No qualifying bean of type 'org.springframework.beans.factory.support.InjectAnnotationAutowireContextTests$Person' available: expected at least 1 bean which qualifies as autowire candidate. Dependency annotations: {@org.springframework.beans.factory.support.InjectAnnotationAutowireContextTests$TestQualifier()}
ÁÎÊ22:55:31.686 [Test worker] WARN  o.s.c.s.GenericApplicationContext - Exception encountered during context initialization - cancelling refresh attempt: org.springframework.beans.factory.UnsatisfiedDependencyException: Error creating bean with name 'autowired': Unsatisfied dependency expressed through field 'person'; nested exception is org.springframework.beans.factory.NoUniqueBeanDefinitionException: No qualifying bean of type 'org.springframework.beans.factory.support.InjectAnnotationAutowireContextTests$Person' available: expected single matching bean but found 2: juergen,mark
ÁÏÚ22:55:31.688 [Test worker] WARN  o.s.c.s.GenericApplicationContext - Exception encountered during context initialization - cancelling refresh attempt: org.springframework.beans.factory.UnsatisfiedDependencyException: Error creating bean with name 'autowired': Unsatisfied dependency expressed through method 'setPerson' parameter 0; nested exception is org.springframework.beans.factory.NoSuchBeanDefinitionException: No qualifying bean of type 'org.springframework.beans.factory.support.InjectAnnotationAutowireContextTests$Person' available: expected at least 1 bean which qualifies as autowire candidate. Dependency annotations: {@org.springframework.beans.factory.support.InjectAnnotationAutowireContextTests$TestQualifier()}
ÁÓâ22:55:31.708 [Test worker] WARN  o.s.c.s.GenericApplicationContext - Exception encountered during context initialization - cancelling refresh attempt: org.springframework.beans.factory.UnsatisfiedDependencyException: Error creating bean with name 'autowired': Unsatisfied dependency expressed through field 'person'; nested exception is org.springframework.beans.factory.NoSuchBeanDefinitionException: No qualifying bean of type 'org.springframework.beans.factory.support.InjectAnnotationAutowireContextTests$Person' available: expected at least 1 bean which qualifies as autowire candidate. Dependency annotations: {@javax.inject.Inject(), @org.springframework.beans.factory.support.InjectAnnotationAutowireContextTests$TestQualifier()}
ÁÖÿ22:55:31.729 [Test worker] WARN  o.s.c.s.GenericApplicationContext - Exception encountered during context initialization - cancelling refresh attempt: org.springframework.beans.factory.UnsatisfiedDependencyException: Error creating bean with name 'autowired': Unsatisfied dependency expressed through field 'person'; nested exception is org.springframework.beans.factory.NoSuchBeanDefinitionException: No qualifying bean of type 'org.springframework.beans.factory.support.InjectAnnotationAutowireContextTests$Person' available: expected at least 1 bean which qualifies as autowire candidate. Dependency annotations: {@javax.inject.Inject(), @org.springframework.beans.factory.support.InjectAnnotationAutowireContextTests$TestQualifierWithDefaultValue(value=default)}
ßãM/d/yy h:mm a
ßãMMM d, yyyy h:mm:ss a
ßãMMMM d, yyyy h:mm:ss a z
ßãEEEE, MMMM d, yyyy h:mm:ss a z
 ÷öoJul 04, 2022 10:55:32 PM org.javamoney.moneta.DefaultMonetaryContextFactory createMonetaryContextNonNullConfig
 ÷öMINFORMATION: Using custom MathContext: precision=256, roundingMode=HALF_EVEN
åé³22:55:32.818 [Test worker] WARN  o.s.c.s.GenericApplicationContext - Exception encountered during context initialization - cancelling refresh attempt: org.springframework.beans.factory.BeanCreationException: Error creating bean with name 'bean': Initialization of bean failed; nested exception is org.springframework.beans.factory.BeanInitializationException: Bean state is invalid: stringValue - muss zwischen 2 und 2147483647 liegen
åêŸ22:55:32.824 [Test worker] WARN  o.s.c.s.GenericApplicationContext - Exception encountered during context initialization - cancelling refresh attempt: org.springframework.beans.factory.BeanCreationException: Error creating bean with name 'bean': Initialization of bean failed; nested exception is org.springframework.beans.factory.BeanInitializationException: Bean state is invalid: testBean - darf nicht null sein
Ÿlets begin
¯lets begin
